Running: make -C ./ci/../runtime/rtlsim > /dev/null
Running: OPTS="-n16 -d" make -C "./ci/../tests/regression/sgemm2" run-rtlsim
make: Entering directory '/home/miggleliu/Documents/vortex_DFV/vortex_DFV/build/tests/regression/sgemm2'
/home/miggleliu/tools/llvm-vortex/bin/clang++ --sysroot=/home/miggleliu/tools/riscv64-gnu-toolchain/riscv64-unknown-elf --gcc-toolchain=/home/miggleliu/tools/riscv64-gnu-toolchain -Xclang -target-feature -Xclang +vortex -Xclang -target-feature -Xclang +zicond -mllvm -disable-loop-idiom-all  -march=rv64imafd -mabi=lp64d -O3 -mcmodel=medany -fno-rtti -fno-exceptions -nostartfiles -nostdlib -fdata-sections -ffunction-sections -I/home/miggleliu/Documents/vortex_DFV/vortex_DFV/kernel/include -I/home/miggleliu/Documents/vortex_DFV/vortex_DFV/build/hw -I/home/miggleliu/Documents/vortex_DFV/vortex_DFV/sim/common -DXLEN_64 -DNDEBUG  /home/miggleliu/Documents/vortex_DFV/vortex_DFV/tests/regression/sgemm2/kernel.cpp -Wl,-Bstatic,--gc-sections,-T,/home/miggleliu/Documents/vortex_DFV/vortex_DFV/kernel/scripts/link64.ld,--defsym=STARTUP_ADDR=0x180000000 /home/miggleliu/Documents/vortex_DFV/vortex_DFV/build/kernel/libvortex.a -L/home/miggleliu/tools/libc64/lib -lm -lc /home/miggleliu/tools/libcrt64/lib/baremetal/libclang_rt.builtins-riscv64.a -o kernel.elf
OBJCOPY=/home/miggleliu/tools/llvm-vortex/bin/llvm-objcopy /home/miggleliu/Documents/vortex_DFV/vortex_DFV/kernel/scripts/vxbin.py kernel.elf kernel.vxbin
LD_LIBRARY_PATH=/home/miggleliu/Documents/vortex_DFV/vortex_DFV/build/runtime: VORTEX_DRIVER=rtlsim ./sgemm2 -n16 -d
open device connection
CONFIGS: num_threads=32, num_warps=4, num_cores=1, num_clusters=1, socket_size=1, local_mem_base=0x1ffff0000, num_barriers=2
                   1: DFV_COLLISION_NATURAL: TOP.rtlsim_shim.vortex.g_clusters[0].cluster.g_sockets[0].socket.dcache.g_cache_wrap[0].cache_wrap.g_cache.cache.g_banks[3].dfv_bank_ctr  edge_count=1682
data type: float
matrix size: 16x16
tile size: 4x4
local memory: 128 bytes
occupancy: max_localmem=4096 bytes
allocate device memory
A_addr=0x10000
B_addr=0x10400
C_addr=0x10800
allocate host buffers
upload source buffer0
upload source buffer1
Upload kernel binary
upload kernel argument
start device
wait for completion
68: [sim] waiting for busy to assert...
                  75: DFV_THROTTLE_REACHED: TOP.rtlsim_shim.vortex.g_clusters[0].cluster.g_sockets[0].socket.dcache.g_cache_wrap[0].cache_wrap.g_cache.cache.g_dfv_throttle.dfv_core_req_throttle  threshold=0
76: [sim] busy asserted after 4 cycles
                 467: DFV_COLLISION_NATURAL: TOP.rtlsim_shim.vortex.g_clusters[0].cluster.g_sockets[0].socket.icache.g_cache_wrap[0].cache_wrap.g_cache.cache.g_banks[0].dfv_bank_ctr  edge_count=1
20076: [sim] running... (10000 cycles)
               26705: DFV_COLLISION_NATURAL: TOP.rtlsim_shim.vortex.g_clusters[0].cluster.g_sockets[0].socket.dcache.g_cache_wrap[0].cache_wrap.g_cache.cache.g_banks[3].dfv_bank_ctr  edge_count=1
               26731: DFV_COLLISION_NATURAL: TOP.rtlsim_shim.vortex.g_clusters[0].cluster.g_sockets[0].socket.dcache.g_cache_wrap[0].cache_wrap.g_cache.cache.g_banks[3].dfv_bank_ctr  edge_count=2
               26761: DFV_COLLISION_NATURAL: TOP.rtlsim_shim.vortex.g_clusters[0].cluster.g_sockets[0].socket.dcache.g_cache_wrap[0].cache_wrap.g_cache.cache.g_banks[3].dfv_bank_ctr  edge_count=3
               26791: DFV_COLLISION_NATURAL: TOP.rtlsim_shim.vortex.g_clusters[0].cluster.g_sockets[0].socket.dcache.g_cache_wrap[0].cache_wrap.g_cache.cache.g_banks[3].dfv_bank_ctr  edge_count=4
               26833: DFV_COLLISION_NATURAL: TOP.rtlsim_shim.vortex.g_clusters[0].cluster.g_sockets[0].socket.dcache.g_cache_wrap[0].cache_wrap.g_cache.cache.g_banks[3].dfv_bank_ctr  edge_count=5
               26859: DFV_COLLISION_NATURAL: TOP.rtlsim_shim.vortex.g_clusters[0].cluster.g_sockets[0].socket.dcache.g_cache_wrap[0].cache_wrap.g_cache.cache.g_banks[3].dfv_bank_ctr  edge_count=6
               26893: DFV_COLLISION_NATURAL: TOP.rtlsim_shim.vortex.g_clusters[0].cluster.g_sockets[0].socket.dcache.g_cache_wrap[0].cache_wrap.g_cache.cache.g_banks[3].dfv_bank_ctr  edge_count=7
               31259: DFV_COLLISION_NATURAL: TOP.rtlsim_shim.vortex.g_clusters[0].cluster.g_sockets[0].socket.g_mem_bus_if[0].g_i0.dfv_l1_arb_ctr  edge_count=1
40076: [sim] running... (20000 cycles)
60076: [sim] running... (30000 cycles)
               67843: DFV_COLLISION_DFV: TOP.rtlsim_shim.vortex.g_clusters[0].cluster.g_sockets[0].socket.g_mem_bus_if[0].g_i0.dfv_l1_arb_ctr  edge_count=1
               70861: DFV_COLLISION_DFV: TOP.rtlsim_shim.vortex.g_clusters[0].cluster.g_sockets[0].socket.g_mem_bus_if[0].g_i0.dfv_l1_arb_ctr  edge_count=2
80076: [sim] running... (40000 cycles)
               85353: DFV_COLLISION_DFV: TOP.rtlsim_shim.vortex.g_clusters[0].cluster.g_sockets[0].socket.dcache.g_cache_wrap[0].cache_wrap.g_cache.cache.g_banks[1].dfv_bank_ctr  edge_count=1
               94933: DFV_COLLISION_DFV: TOP.rtlsim_shim.vortex.g_clusters[0].cluster.g_sockets[0].socket.dcache.g_cache_wrap[0].cache_wrap.g_cache.cache.g_banks[2].dfv_bank_ctr  edge_count=1
               95141: DFV_COLLISION_DFV: TOP.rtlsim_shim.vortex.g_clusters[0].cluster.g_sockets[0].socket.dcache.g_cache_wrap[0].cache_wrap.g_cache.cache.g_banks[1].dfv_bank_ctr  edge_count=2
               95985: DFV_COLLISION_DFV: TOP.rtlsim_shim.vortex.g_clusters[0].cluster.g_sockets[0].socket.dcache.g_cache_wrap[0].cache_wrap.g_cache.cache.g_banks[1].dfv_bank_ctr  edge_count=3
               96931: DFV_COLLISION_DFV: TOP.rtlsim_shim.vortex.g_clusters[0].cluster.g_sockets[0].socket.dcache.g_cache_wrap[0].cache_wrap.g_cache.cache.g_banks[1].dfv_bank_ctr  edge_count=4
               97123: DFV_COLLISION_DFV: TOP.rtlsim_shim.vortex.g_clusters[0].cluster.g_sockets[0].socket.dcache.g_cache_wrap[0].cache_wrap.g_cache.cache.g_banks[1].dfv_bank_ctr  edge_count=5
               97571: DFV_COLLISION_DFV: TOP.rtlsim_shim.vortex.g_clusters[0].cluster.g_sockets[0].socket.dcache.g_cache_wrap[0].cache_wrap.g_cache.cache.g_banks[1].dfv_bank_ctr  edge_count=6
               98685: DFV_COLLISION_DFV: TOP.rtlsim_shim.vortex.g_clusters[0].cluster.g_sockets[0].socket.dcache.g_cache_wrap[0].cache_wrap.g_cache.cache.g_banks[1].dfv_bank_ctr  edge_count=7
               98877: DFV_COLLISION_DFV: TOP.rtlsim_shim.vortex.g_clusters[0].cluster.g_sockets[0].socket.dcache.g_cache_wrap[0].cache_wrap.g_cache.cache.g_banks[1].dfv_bank_ctr  edge_count=8
100076: [sim] running... (50000 cycles)
              101777: DFV_COLLISION_DFV: TOP.rtlsim_shim.vortex.g_clusters[0].cluster.g_sockets[0].socket.dcache.g_cache_wrap[0].cache_wrap.g_cache.cache.g_banks[1].dfv_bank_ctr  edge_count=9
              105659: DFV_COLLISION_DFV: TOP.rtlsim_shim.vortex.g_clusters[0].cluster.g_sockets[0].socket.dcache.g_cache_wrap[0].cache_wrap.g_cache.cache.g_banks[1].dfv_bank_ctr  edge_count=10
              118269: DFV_COLLISION_DFV: TOP.rtlsim_shim.vortex.g_clusters[0].cluster.g_sockets[0].socket.dcache.g_cache_wrap[0].cache_wrap.g_cache.cache.g_banks[1].dfv_bank_ctr  edge_count=11
              118525: DFV_COLLISION_DFV: TOP.rtlsim_shim.vortex.g_clusters[0].cluster.g_sockets[0].socket.dcache.g_cache_wrap[0].cache_wrap.g_cache.cache.g_banks[1].dfv_bank_ctr  edge_count=12
              119549: DFV_COLLISION_DFV: TOP.rtlsim_shim.vortex.g_clusters[0].cluster.g_sockets[0].socket.dcache.g_cache_wrap[0].cache_wrap.g_cache.cache.g_banks[1].dfv_bank_ctr  edge_count=13
              119741: DFV_COLLISION_DFV: TOP.rtlsim_shim.vortex.g_clusters[0].cluster.g_sockets[0].socket.dcache.g_cache_wrap[0].cache_wrap.g_cache.cache.g_banks[1].dfv_bank_ctr  edge_count=14
120076: [sim] running... (60000 cycles)
              124779: DFV_COLLISION_DFV: TOP.rtlsim_shim.vortex.g_clusters[0].cluster.g_sockets[0].socket.dcache.g_cache_wrap[0].cache_wrap.g_cache.cache.g_banks[1].dfv_bank_ctr  edge_count=15
              130441: DFV_COLLISION_DFV: TOP.rtlsim_shim.vortex.g_clusters[0].cluster.g_sockets[0].socket.dcache.g_cache_wrap[0].cache_wrap.g_cache.cache.g_banks[2].dfv_bank_ctr  edge_count=2
              130609: DFV_COLLISION_DFV: TOP.rtlsim_shim.vortex.g_clusters[0].cluster.g_sockets[0].socket.dcache.g_cache_wrap[0].cache_wrap.g_cache.cache.g_banks[1].dfv_bank_ctr  edge_count=16
              130905: DFV_COLLISION_DFV: TOP.rtlsim_shim.vortex.g_clusters[0].cluster.g_sockets[0].socket.dcache.g_cache_wrap[0].cache_wrap.g_cache.cache.g_banks[1].dfv_bank_ctr  edge_count=17
              131097: DFV_COLLISION_DFV: TOP.rtlsim_shim.vortex.g_clusters[0].cluster.g_sockets[0].socket.dcache.g_cache_wrap[0].cache_wrap.g_cache.cache.g_banks[1].dfv_bank_ctr  edge_count=18
              131273: DFV_COLLISION_DFV: TOP.rtlsim_shim.vortex.g_clusters[0].cluster.g_sockets[0].socket.dcache.g_cache_wrap[0].cache_wrap.g_cache.cache.g_banks[1].dfv_bank_ctr  edge_count=19
140076: [sim] running... (70000 cycles)
              141727: DFV_COLLISION_DFV: TOP.rtlsim_shim.vortex.g_clusters[0].cluster.g_sockets[0].socket.dcache.g_cache_wrap[0].cache_wrap.g_cache.cache.g_banks[1].dfv_bank_ctr  edge_count=20
              142641: DFV_COLLISION_DFV: TOP.rtlsim_shim.vortex.g_clusters[0].cluster.g_sockets[0].socket.dcache.g_cache_wrap[0].cache_wrap.g_cache.cache.g_banks[2].dfv_bank_ctr  edge_count=3
              143637: DFV_COLLISION_DFV: TOP.rtlsim_shim.vortex.g_clusters[0].cluster.g_sockets[0].socket.dcache.g_cache_wrap[0].cache_wrap.g_cache.cache.g_banks[1].dfv_bank_ctr  edge_count=21
              143677: DFV_COLLISION_DFV: TOP.rtlsim_shim.vortex.g_clusters[0].cluster.g_sockets[0].socket.dcache.g_cache_wrap[0].cache_wrap.g_cache.cache.g_banks[1].dfv_bank_ctr  edge_count=22
              143965: DFV_COLLISION_DFV: TOP.rtlsim_shim.vortex.g_clusters[0].cluster.g_sockets[0].socket.dcache.g_cache_wrap[0].cache_wrap.g_cache.cache.g_banks[1].dfv_bank_ctr  edge_count=23
              148155: DFV_COLLISION_DFV: TOP.rtlsim_shim.vortex.g_clusters[0].cluster.g_sockets[0].socket.dcache.g_cache_wrap[0].cache_wrap.g_cache.cache.g_banks[1].dfv_bank_ctr  edge_count=24
              148625: DFV_COLLISION_DFV: TOP.rtlsim_shim.vortex.g_clusters[0].cluster.g_sockets[0].socket.dcache.g_cache_wrap[0].cache_wrap.g_cache.cache.g_banks[1].dfv_bank_ctr  edge_count=25
              154197: DFV_COLLISION_DFV: TOP.rtlsim_shim.vortex.g_clusters[0].cluster.g_sockets[0].socket.dcache.g_cache_wrap[0].cache_wrap.g_cache.cache.g_banks[1].dfv_bank_ctr  edge_count=26
              154265: DFV_COLLISION_DFV: TOP.rtlsim_shim.vortex.g_clusters[0].cluster.g_sockets[0].socket.dcache.g_cache_wrap[0].cache_wrap.g_cache.cache.g_banks[2].dfv_bank_ctr  edge_count=4
              154655: DFV_COLLISION_DFV: TOP.rtlsim_shim.vortex.g_clusters[0].cluster.g_sockets[0].socket.dcache.g_cache_wrap[0].cache_wrap.g_cache.cache.g_banks[1].dfv_bank_ctr  edge_count=27
              154767: DFV_COLLISION_DFV: TOP.rtlsim_shim.vortex.g_clusters[0].cluster.g_sockets[0].socket.dcache.g_cache_wrap[0].cache_wrap.g_cache.cache.g_banks[1].dfv_bank_ctr  edge_count=28
              154943: DFV_COLLISION_DFV: TOP.rtlsim_shim.vortex.g_clusters[0].cluster.g_sockets[0].socket.dcache.g_cache_wrap[0].cache_wrap.g_cache.cache.g_banks[1].dfv_bank_ctr  edge_count=29
              154959: DFV_COLLISION_DFV: TOP.rtlsim_shim.vortex.g_clusters[0].cluster.g_sockets[0].socket.dcache.g_cache_wrap[0].cache_wrap.g_cache.cache.g_banks[1].dfv_bank_ctr  edge_count=30
              155289: DFV_COLLISION_DFV: TOP.rtlsim_shim.vortex.g_clusters[0].cluster.g_sockets[0].socket.dcache.g_cache_wrap[0].cache_wrap.g_cache.cache.g_banks[1].dfv_bank_ctr  edge_count=31
              155465: DFV_COLLISION_DFV: TOP.rtlsim_shim.vortex.g_clusters[0].cluster.g_sockets[0].socket.dcache.g_cache_wrap[0].cache_wrap.g_cache.cache.g_banks[1].dfv_bank_ctr  edge_count=32
160076: [sim] running... (80000 cycles)
              165021: DFV_COLLISION_DFV: TOP.rtlsim_shim.vortex.g_clusters[0].cluster.g_sockets[0].socket.dcache.g_cache_wrap[0].cache_wrap.g_cache.cache.g_banks[1].dfv_bank_ctr  edge_count=33
              165569: DFV_COLLISION_DFV: TOP.rtlsim_shim.vortex.g_clusters[0].cluster.g_sockets[0].socket.dcache.g_cache_wrap[0].cache_wrap.g_cache.cache.g_banks[3].dfv_bank_ctr  edge_count=1
              165925: DFV_COLLISION_DFV: TOP.rtlsim_shim.vortex.g_clusters[0].cluster.g_sockets[0].socket.dcache.g_cache_wrap[0].cache_wrap.g_cache.cache.g_banks[3].dfv_bank_ctr  edge_count=2
              166011: DFV_COLLISION_DFV: TOP.rtlsim_shim.vortex.g_clusters[0].cluster.g_sockets[0].socket.dcache.g_cache_wrap[0].cache_wrap.g_cache.cache.g_banks[3].dfv_bank_ctr  edge_count=3
              166063: DFV_COLLISION_DFV: TOP.rtlsim_shim.vortex.g_clusters[0].cluster.g_sockets[0].socket.dcache.g_cache_wrap[0].cache_wrap.g_cache.cache.g_banks[3].dfv_bank_ctr  edge_count=4
              166289: DFV_COLLISION_DFV: TOP.rtlsim_shim.vortex.g_clusters[0].cluster.g_sockets[0].socket.dcache.g_cache_wrap[0].cache_wrap.g_cache.cache.g_banks[2].dfv_bank_ctr  edge_count=5
              166545: DFV_COLLISION_DFV: TOP.rtlsim_shim.vortex.g_clusters[0].cluster.g_sockets[0].socket.dcache.g_cache_wrap[0].cache_wrap.g_cache.cache.g_banks[2].dfv_bank_ctr  edge_count=6
              166561: DFV_COLLISION_DFV: TOP.rtlsim_shim.vortex.g_clusters[0].cluster.g_sockets[0].socket.dcache.g_cache_wrap[0].cache_wrap.g_cache.cache.g_banks[2].dfv_bank_ctr  edge_count=7
              166735: DFV_COLLISION_DFV: TOP.rtlsim_shim.vortex.g_clusters[0].cluster.g_sockets[0].socket.dcache.g_cache_wrap[0].cache_wrap.g_cache.cache.g_banks[2].dfv_bank_ctr  edge_count=8
              166781: DFV_COLLISION_DFV: TOP.rtlsim_shim.vortex.g_clusters[0].cluster.g_sockets[0].socket.dcache.g_cache_wrap[0].cache_wrap.g_cache.cache.g_banks[2].dfv_bank_ctr  edge_count=9
              167249: DFV_COLLISION_DFV: TOP.rtlsim_shim.vortex.g_clusters[0].cluster.g_sockets[0].socket.dcache.g_cache_wrap[0].cache_wrap.g_cache.cache.g_banks[1].dfv_bank_ctr  edge_count=34
              167297: DFV_COLLISION_DFV: TOP.rtlsim_shim.vortex.g_clusters[0].cluster.g_sockets[0].socket.dcache.g_cache_wrap[0].cache_wrap.g_cache.cache.g_banks[1].dfv_bank_ctr  edge_count=35
              167577: DFV_COLLISION_DFV: TOP.rtlsim_shim.vortex.g_clusters[0].cluster.g_sockets[0].socket.dcache.g_cache_wrap[0].cache_wrap.g_cache.cache.g_banks[1].dfv_bank_ctr  edge_count=36
              168107: DFV_COLLISION_DFV: TOP.rtlsim_shim.vortex.g_clusters[0].cluster.g_sockets[0].socket.dcache.g_cache_wrap[0].cache_wrap.g_cache.cache.g_banks[1].dfv_bank_ctr  edge_count=37
              168869: DFV_COLLISION_DFV: TOP.rtlsim_shim.vortex.g_clusters[0].cluster.g_sockets[0].socket.dcache.g_cache_wrap[0].cache_wrap.g_cache.cache.g_banks[3].dfv_bank_ctr  edge_count=5
              169065: DFV_COLLISION_DFV: TOP.rtlsim_shim.vortex.g_clusters[0].cluster.g_sockets[0].socket.dcache.g_cache_wrap[0].cache_wrap.g_cache.cache.g_banks[2].dfv_bank_ctr  edge_count=10
              169657: DFV_COLLISION_DFV: TOP.rtlsim_shim.vortex.g_clusters[0].cluster.g_sockets[0].socket.dcache.g_cache_wrap[0].cache_wrap.g_cache.cache.g_banks[2].dfv_bank_ctr  edge_count=11
              170093: DFV_COLLISION_DFV: TOP.rtlsim_shim.vortex.g_clusters[0].cluster.g_sockets[0].socket.dcache.g_cache_wrap[0].cache_wrap.g_cache.cache.g_banks[1].dfv_bank_ctr  edge_count=38
              170141: DFV_COLLISION_DFV: TOP.rtlsim_shim.vortex.g_clusters[0].cluster.g_sockets[0].socket.dcache.g_cache_wrap[0].cache_wrap.g_cache.cache.g_banks[1].dfv_bank_ctr  edge_count=39
              170389: DFV_COLLISION_DFV: TOP.rtlsim_shim.vortex.g_clusters[0].cluster.g_sockets[0].socket.dcache.g_cache_wrap[0].cache_wrap.g_cache.cache.g_banks[1].dfv_bank_ctr  edge_count=40
              170581: DFV_COLLISION_DFV: TOP.rtlsim_shim.vortex.g_clusters[0].cluster.g_sockets[0].socket.dcache.g_cache_wrap[0].cache_wrap.g_cache.cache.g_banks[1].dfv_bank_ctr  edge_count=41
              171705: DFV_COLLISION_DFV: TOP.rtlsim_shim.vortex.g_clusters[0].cluster.g_sockets[0].socket.dcache.g_cache_wrap[0].cache_wrap.g_cache.cache.g_banks[3].dfv_bank_ctr  edge_count=6
              171909: DFV_COLLISION_DFV: TOP.rtlsim_shim.vortex.g_clusters[0].cluster.g_sockets[0].socket.dcache.g_cache_wrap[0].cache_wrap.g_cache.cache.g_banks[2].dfv_bank_ctr  edge_count=12
              172065: DFV_COLLISION_DFV: TOP.rtlsim_shim.vortex.g_clusters[0].cluster.g_sockets[0].socket.dcache.g_cache_wrap[0].cache_wrap.g_cache.cache.g_banks[2].dfv_bank_ctr  edge_count=13
              172201: DFV_COLLISION_DFV: TOP.rtlsim_shim.vortex.g_clusters[0].cluster.g_sockets[0].socket.dcache.g_cache_wrap[0].cache_wrap.g_cache.cache.g_banks[2].dfv_bank_ctr  edge_count=14
              173449: DFV_COLLISION_DFV: TOP.rtlsim_shim.vortex.g_clusters[0].cluster.g_sockets[0].socket.dcache.g_cache_wrap[0].cache_wrap.g_cache.cache.g_banks[1].dfv_bank_ctr  edge_count=42
              173641: DFV_COLLISION_DFV: TOP.rtlsim_shim.vortex.g_clusters[0].cluster.g_sockets[0].socket.dcache.g_cache_wrap[0].cache_wrap.g_cache.cache.g_banks[1].dfv_bank_ctr  edge_count=43
              174739: DFV_COLLISION_DFV: TOP.rtlsim_shim.vortex.g_clusters[0].cluster.g_sockets[0].socket.dcache.g_cache_wrap[0].cache_wrap.g_cache.cache.g_banks[3].dfv_bank_ctr  edge_count=7
              176789: DFV_COLLISION_NATURAL: TOP.rtlsim_shim.vortex.g_clusters[0].cluster.g_sockets[0].socket.g_mem_bus_if[0].g_i0.dfv_l1_arb_ctr  edge_count=2
178018: [sim] idle after 88971 cycles
180018: [sim] drained 1000 cycles
download destination buffer
verify result
cleanup
PERF: instrs=149839, cycles=88315, IPC=1.696643
PASSED!
make: Leaving directory '/home/miggleliu/Documents/vortex_DFV/vortex_DFV/build/tests/regression/sgemm2'

