starting execution ... 
build model options ... 
argc=22
Generation context:
        Will not generate valid and channel signals 
    HardFP is enabled enabling set to true 
    Faithful rounding constraint detected 
        Will not generate valid and channel signals 
    The new component name is acl_fmadd
    Frequency 250MHz 
    Deployment FPGA Arria10 
Estimated resources LUTs 0, DSPs 2, RAMBits 0, RAMBlocks 0 
The pipeline depth of the block is 4 cycle(s)
@@start
@name FPMultAdd@
@latency 4@
@LUT 0@
@DSP 2@
@RAMBits 0@
@RAMBlockUsage 0@
@enable 1@
@subnormals 0@
@error 1.00@
@rounding NA@
@method multadd@
@inPort 0 fpieee 8 23@
@inPort 1 fpieee 8 23@
@inPort 2 fpieee 8 23@
@outPort 0 fpieee 8 23@
@nochanvalid 1@
@@end
starting execution ... 
build model options ... 
argc=23
Generation context:
        Will not generate valid and channel signals 
    HardFP is enabled enabling set to true 
    Faithful rounding constraint detected 
        Will not generate valid and channel signals 
    The new component name is acl_fdiv
    Frequency 250MHz 
    Deployment FPGA Arria10 
Estimated resources LUTs 539, DSPs 5, RAMBits 32768, RAMBlocks 3 
The pipeline depth of the block is 15 cycle(s)
@@start
@name FPDiv@
@latency 15@
@LUT 539@
@DSP 5@
@RAMBits 32768@
@RAMBlockUsage 3@
@enable 1@
@subnormals 0@
@error 1.00@
@rounding NA@
@method polynomial approximation@
@inPort 0 fpieee 8 23@
@inPort 1 fpieee 8 23@
@outPort 0 fpieee 8 23@
@nochanvalid 1@
@@end
starting execution ... 
build model options ... 
argc=22
Generation context:
        Will not generate valid and channel signals 
    HardFP is enabled enabling set to true 
    Faithful rounding constraint detected 
        Will not generate valid and channel signals 
    The new component name is acl_fsqrt
    Frequency 250MHz 
    Deployment FPGA Arria10 
Estimated resources LUTs 271, DSPs 3, RAMBits 15872, RAMBlocks 3 
The pipeline depth of the block is 10 cycle(s)
@@start
@name FPSqrt@
@latency 10@
@LUT 271@
@DSP 3@
@RAMBits 15872@
@RAMBlockUsage 3@
@enable 1@
@subnormals 0@
@error 1.00@
@rounding NA@
@method polynomial approximation@
@inPort 0 fpieee 8 23@
@outPort 0 fpieee 8 23@
@nochanvalid 1@
@@end
