Info (292036): Thank you for using the Quartus Prime software 30-day evaluation. You have 0 days remaining (until Sep 11, 2019) to use the Quartus Prime software with compilation and simulation support.
Info: *******************************************************************
Info: Running Quartus Prime Shell
    Info: Version 18.0.0 Build 219 04/25/2018 SJ Pro Edition
    Info: Copyright (C) 2018  Intel Corporation. All rights reserved.
    Info: Your use of Intel Corporation's design tools, logic functions 
    Info: and other software and tools, and its AMPP partner logic 
    Info: functions, and any output files from any of the foregoing 
    Info: (including device programming or simulation files), and any 
    Info: associated documentation or information are expressly subject 
    Info: to the terms and conditions of the Intel Program License 
    Info: Subscription Agreement, the Intel Quartus Prime License Agreement,
    Info: the Intel FPGA IP License Agreement, or other applicable license
    Info: agreement, including, without limitation, that your use is for
    Info: the sole purpose of programming logic devices manufactured by
    Info: Intel and sold by Intel or its authorized distributors.  Please
    Info: refer to the applicable agreement for further details.
    Info: Processing started: Wed Sep 11 00:18:22 2019
Info: Command: quartus_sh --determine_smart_action VX_gpr_syn
Info: Quartus(args): VX_gpr_syn
Info: SMART_ACTION = SOURCE
Info (23030): Evaluation of Tcl script /tools/reconfig/intel/18.0/quartus/common/tcl/internal/qsh_smart.tcl was successful
Info: Quartus Prime Shell was successful. 0 errors, 0 warnings
    Info: Peak virtual memory: 687 megabytes
    Info: Processing ended: Wed Sep 11 00:18:22 2019
    Info: Elapsed time: 00:00:00
    Info: Total CPU time (on all processors): 00:00:00
