              325163: DFV_COLLISION_DFV: TOP.rtlsim_shim.vortex.g_clusters[0].cluster.g_sockets[0].socket.dcache.g_cache_wrap[0].cache_wrap.g_cache.cache.g_banks[2].dfv_bank_ctr  edge_count=170
              325239: DFV_COLLISION_DFV: TOP.rtlsim_shim.vortex.g_clusters[0].cluster.g_sockets[0].socket.dcache.g_cache_wrap[0].cache_wrap.g_cache.cache.g_banks[2].dfv_bank_ctr  edge_count=171
              325295: DFV_COLLISION_DFV: TOP.rtlsim_shim.vortex.g_clusters[0].cluster.g_sockets[0].socket.dcache.g_cache_wrap[0].cache_wrap.g_cache.cache.g_banks[2].dfv_bank_ctr  edge_count=172
              325503: DFV_COLLISION_DFV: TOP.rtlsim_shim.vortex.g_clusters[0].cluster.g_sockets[0].socket.dcache.g_cache_wrap[0].cache_wrap.g_cache.cache.g_banks[2].dfv_bank_ctr  edge_count=173
              325917: DFV_COLLISION_DFV: TOP.rtlsim_shim.vortex.g_clusters[0].cluster.g_sockets[0].socket.dcache.g_cache_wrap[0].cache_wrap.g_cache.cache.g_banks[2].dfv_bank_ctr  edge_count=174
              326011: DFV_COLLISION_DFV: TOP.rtlsim_shim.vortex.g_clusters[0].cluster.g_sockets[0].socket.dcache.g_cache_wrap[0].cache_wrap.g_cache.cache.g_banks[2].dfv_bank_ctr  edge_count=175
              326065: DFV_COLLISION_DFV: TOP.rtlsim_shim.vortex.g_clusters[0].cluster.g_sockets[0].socket.dcache.g_cache_wrap[0].cache_wrap.g_cache.cache.g_banks[2].dfv_bank_ctr  edge_count=176
              326323: DFV_COLLISION_DFV: TOP.rtlsim_shim.vortex.g_clusters[0].cluster.g_sockets[0].socket.dcache.g_cache_wrap[0].cache_wrap.g_cache.cache.g_banks[2].dfv_bank_ctr  edge_count=177
              326383: DFV_COLLISION_DFV: TOP.rtlsim_shim.vortex.g_clusters[0].cluster.g_sockets[0].socket.dcache.g_cache_wrap[0].cache_wrap.g_cache.cache.g_banks[2].dfv_bank_ctr  edge_count=178
              326395: DFV_COLLISION_DFV: TOP.rtlsim_shim.vortex.g_clusters[0].cluster.g_sockets[0].socket.dcache.g_cache_wrap[0].cache_wrap.g_cache.cache.g_banks[2].dfv_bank_ctr  edge_count=179
              326485: DFV_COLLISION_DFV: TOP.rtlsim_shim.vortex.g_clusters[0].cluster.g_sockets[0].socket.dcache.g_cache_wrap[0].cache_wrap.g_cache.cache.g_banks[2].dfv_bank_ctr  edge_count=180
              326747: DFV_COLLISION_DFV: TOP.rtlsim_shim.vortex.g_clusters[0].cluster.g_sockets[0].socket.dcache.g_cache_wrap[0].cache_wrap.g_cache.cache.g_banks[2].dfv_bank_ctr  edge_count=181
              326803: DFV_COLLISION_DFV: TOP.rtlsim_shim.vortex.g_clusters[0].cluster.g_sockets[0].socket.dcache.g_cache_wrap[0].cache_wrap.g_cache.cache.g_banks[2].dfv_bank_ctr  edge_count=182
              326885: DFV_COLLISION_DFV: TOP.rtlsim_shim.vortex.g_clusters[0].cluster.g_sockets[0].socket.dcache.g_cache_wrap[0].cache_wrap.g_cache.cache.g_banks[2].dfv_bank_ctr  edge_count=183
              326901: DFV_COLLISION_DFV: TOP.rtlsim_shim.vortex.g_clusters[0].cluster.g_sockets[0].socket.dcache.g_cache_wrap[0].cache_wrap.g_cache.cache.g_banks[2].dfv_bank_ctr  edge_count=184
              327007: DFV_COLLISION_DFV: TOP.rtlsim_shim.vortex.g_clusters[0].cluster.g_sockets[0].socket.dcache.g_cache_wrap[0].cache_wrap.g_cache.cache.g_banks[2].dfv_bank_ctr  edge_count=185
              327041: DFV_COLLISION_DFV: TOP.rtlsim_shim.vortex.g_clusters[0].cluster.g_sockets[0].socket.dcache.g_cache_wrap[0].cache_wrap.g_cache.cache.g_banks[2].dfv_bank_ctr  edge_count=186
              327057: DFV_COLLISION_DFV: TOP.rtlsim_shim.vortex.g_clusters[0].cluster.g_sockets[0].socket.dcache.g_cache_wrap[0].cache_wrap.g_cache.cache.g_banks[2].dfv_bank_ctr  edge_count=187
              327077: DFV_COLLISION_DFV: TOP.rtlsim_shim.vortex.g_clusters[0].cluster.g_sockets[0].socket.dcache.g_cache_wrap[0].cache_wrap.g_cache.cache.g_banks[2].dfv_bank_ctr  edge_count=188
              327111: DFV_COLLISION_DFV: TOP.rtlsim_shim.vortex.g_clusters[0].cluster.g_sockets[0].socket.dcache.g_cache_wrap[0].cache_wrap.g_cache.cache.g_banks[2].dfv_bank_ctr  edge_count=189
              327233: DFV_COLLISION_DFV: TOP.rtlsim_shim.vortex.g_clusters[0].cluster.g_sockets[0].socket.dcache.g_cache_wrap[0].cache_wrap.g_cache.cache.g_banks[3].dfv_bank_ctr  edge_count=533
              327255: DFV_COLLISION_DFV: TOP.rtlsim_shim.vortex.g_clusters[0].cluster.g_sockets[0].socket.dcache.g_cache_wrap[0].cache_wrap.g_cache.cache.g_banks[3].dfv_bank_ctr  edge_count=534
              327323: DFV_COLLISION_DFV: TOP.rtlsim_shim.vortex.g_clusters[0].cluster.g_sockets[0].socket.dcache.g_cache_wrap[0].cache_wrap.g_cache.cache.g_banks[3].dfv_bank_ctr  edge_count=535
              327487: DFV_COLLISION_DFV: TOP.rtlsim_shim.vortex.g_clusters[0].cluster.g_sockets[0].socket.dcache.g_cache_wrap[0].cache_wrap.g_cache.cache.g_banks[3].dfv_bank_ctr  edge_count=536
              327543: DFV_COLLISION_DFV: TOP.rtlsim_shim.vortex.g_clusters[0].cluster.g_sockets[0].socket.dcache.g_cache_wrap[0].cache_wrap.g_cache.cache.g_banks[3].dfv_bank_ctr  edge_count=537
              327553: DFV_COLLISION_DFV: TOP.rtlsim_shim.vortex.g_clusters[0].cluster.g_sockets[0].socket.dcache.g_cache_wrap[0].cache_wrap.g_cache.cache.g_banks[3].dfv_bank_ctr  edge_count=538
              327765: DFV_COLLISION_DFV: TOP.rtlsim_shim.vortex.g_clusters[0].cluster.g_sockets[0].socket.dcache.g_cache_wrap[0].cache_wrap.g_cache.cache.g_banks[3].dfv_bank_ctr  edge_count=539
              327787: DFV_COLLISION_DFV: TOP.rtlsim_shim.vortex.g_clusters[0].cluster.g_sockets[0].socket.dcache.g_cache_wrap[0].cache_wrap.g_cache.cache.g_banks[3].dfv_bank_ctr  edge_count=540
              327815: DFV_COLLISION_DFV: TOP.rtlsim_shim.vortex.g_clusters[0].cluster.g_sockets[0].socket.dcache.g_cache_wrap[0].cache_wrap.g_cache.cache.g_banks[3].dfv_bank_ctr  edge_count=541
              327841: DFV_COLLISION_DFV: TOP.rtlsim_shim.vortex.g_clusters[0].cluster.g_sockets[0].socket.dcache.g_cache_wrap[0].cache_wrap.g_cache.cache.g_banks[3].dfv_bank_ctr  edge_count=542
              327871: DFV_COLLISION_DFV: TOP.rtlsim_shim.vortex.g_clusters[0].cluster.g_sockets[0].socket.dcache.g_cache_wrap[0].cache_wrap.g_cache.cache.g_banks[3].dfv_bank_ctr  edge_count=543
              327911: DFV_COLLISION_DFV: TOP.rtlsim_shim.vortex.g_clusters[0].cluster.g_sockets[0].socket.dcache.g_cache_wrap[0].cache_wrap.g_cache.cache.g_banks[3].dfv_bank_ctr  edge_count=544
              327935: DFV_COLLISION_DFV: TOP.rtlsim_shim.vortex.g_clusters[0].cluster.g_sockets[0].socket.dcache.g_cache_wrap[0].cache_wrap.g_cache.cache.g_banks[3].dfv_bank_ctr  edge_count=545
              327993: DFV_COLLISION_DFV: TOP.rtlsim_shim.vortex.g_clusters[0].cluster.g_sockets[0].socket.dcache.g_cache_wrap[0].cache_wrap.g_cache.cache.g_banks[3].dfv_bank_ctr  edge_count=546
              328037: DFV_COLLISION_DFV: TOP.rtlsim_shim.vortex.g_clusters[0].cluster.g_sockets[0].socket.dcache.g_cache_wrap[0].cache_wrap.g_cache.cache.g_banks[3].dfv_bank_ctr  edge_count=547
              328117: DFV_COLLISION_DFV: TOP.rtlsim_shim.vortex.g_clusters[0].cluster.g_sockets[0].socket.dcache.g_cache_wrap[0].cache_wrap.g_cache.cache.g_banks[3].dfv_bank_ctr  edge_count=548
              328177: DFV_COLLISION_DFV: TOP.rtlsim_shim.vortex.g_clusters[0].cluster.g_sockets[0].socket.dcache.g_cache_wrap[0].cache_wrap.g_cache.cache.g_banks[3].dfv_bank_ctr  edge_count=549
              328339: DFV_COLLISION_DFV: TOP.rtlsim_shim.vortex.g_clusters[0].cluster.g_sockets[0].socket.dcache.g_cache_wrap[0].cache_wrap.g_cache.cache.g_banks[3].dfv_bank_ctr  edge_count=550
              328413: DFV_COLLISION_DFV: TOP.rtlsim_shim.vortex.g_clusters[0].cluster.g_sockets[0].socket.dcache.g_cache_wrap[0].cache_wrap.g_cache.cache.g_banks[3].dfv_bank_ctr  edge_count=551
              328455: DFV_COLLISION_DFV: TOP.rtlsim_shim.vortex.g_clusters[0].cluster.g_sockets[0].socket.dcache.g_cache_wrap[0].cache_wrap.g_cache.cache.g_banks[3].dfv_bank_ctr  edge_count=552
              328565: DFV_COLLISION_DFV: TOP.rtlsim_shim.vortex.g_clusters[0].cluster.g_sockets[0].socket.dcache.g_cache_wrap[0].cache_wrap.g_cache.cache.g_banks[3].dfv_bank_ctr  edge_count=553
              328793: DFV_COLLISION_DFV: TOP.rtlsim_shim.vortex.g_clusters[0].cluster.g_sockets[0].socket.dcache.g_cache_wrap[0].cache_wrap.g_cache.cache.g_banks[2].dfv_bank_ctr  edge_count=190
              328847: DFV_COLLISION_DFV: TOP.rtlsim_shim.vortex.g_clusters[0].cluster.g_sockets[0].socket.dcache.g_cache_wrap[0].cache_wrap.g_cache.cache.g_banks[2].dfv_bank_ctr  edge_count=191
              328867: DFV_COLLISION_DFV: TOP.rtlsim_shim.vortex.g_clusters[0].cluster.g_sockets[0].socket.dcache.g_cache_wrap[0].cache_wrap.g_cache.cache.g_banks[2].dfv_bank_ctr  edge_count=192
              329021: DFV_COLLISION_DFV: TOP.rtlsim_shim.vortex.g_clusters[0].cluster.g_sockets[0].socket.dcache.g_cache_wrap[0].cache_wrap.g_cache.cache.g_banks[2].dfv_bank_ctr  edge_count=193
              329079: DFV_COLLISION_DFV: TOP.rtlsim_shim.vortex.g_clusters[0].cluster.g_sockets[0].socket.dcache.g_cache_wrap[0].cache_wrap.g_cache.cache.g_banks[2].dfv_bank_ctr  edge_count=194
              329095: DFV_COLLISION_DFV: TOP.rtlsim_shim.vortex.g_clusters[0].cluster.g_sockets[0].socket.dcache.g_cache_wrap[0].cache_wrap.g_cache.cache.g_banks[2].dfv_bank_ctr  edge_count=195
              329131: DFV_COLLISION_DFV: TOP.rtlsim_shim.vortex.g_clusters[0].cluster.g_sockets[0].socket.dcache.g_cache_wrap[0].cache_wrap.g_cache.cache.g_banks[2].dfv_bank_ctr  edge_count=196
              329219: DFV_COLLISION_DFV: TOP.rtlsim_shim.vortex.g_clusters[0].cluster.g_sockets[0].socket.dcache.g_cache_wrap[0].cache_wrap.g_cache.cache.g_banks[2].dfv_bank_ctr  edge_count=197
              329271: DFV_COLLISION_DFV: TOP.rtlsim_shim.vortex.g_clusters[0].cluster.g_sockets[0].socket.dcache.g_cache_wrap[0].cache_wrap.g_cache.cache.g_banks[2].dfv_bank_ctr  edge_count=198
              329439: DFV_COLLISION_DFV: TOP.rtlsim_shim.vortex.g_clusters[0].cluster.g_sockets[0].socket.dcache.g_cache_wrap[0].cache_wrap.g_cache.cache.g_banks[2].dfv_bank_ctr  edge_count=199
              329471: DFV_COLLISION_DFV: TOP.rtlsim_shim.vortex.g_clusters[0].cluster.g_sockets[0].socket.dcache.g_cache_wrap[0].cache_wrap.g_cache.cache.g_banks[2].dfv_bank_ctr  edge_count=200
              329487: DFV_COLLISION_DFV: TOP.rtlsim_shim.vortex.g_clusters[0].cluster.g_sockets[0].socket.dcache.g_cache_wrap[0].cache_wrap.g_cache.cache.g_banks[2].dfv_bank_ctr  edge_count=201
              329591: DFV_COLLISION_DFV: TOP.rtlsim_shim.vortex.g_clusters[0].cluster.g_sockets[0].socket.dcache.g_cache_wrap[0].cache_wrap.g_cache.cache.g_banks[2].dfv_bank_ctr  edge_count=202
              329627: DFV_COLLISION_DFV: TOP.rtlsim_shim.vortex.g_clusters[0].cluster.g_sockets[0].socket.dcache.g_cache_wrap[0].cache_wrap.g_cache.cache.g_banks[2].dfv_bank_ctr  edge_count=203
              329813: DFV_COLLISION_DFV: TOP.rtlsim_shim.vortex.g_clusters[0].cluster.g_sockets[0].socket.dcache.g_cache_wrap[0].cache_wrap.g_cache.cache.g_banks[2].dfv_bank_ctr  edge_count=204
              329851: DFV_COLLISION_DFV: TOP.rtlsim_shim.vortex.g_clusters[0].cluster.g_sockets[0].socket.dcache.g_cache_wrap[0].cache_wrap.g_cache.cache.g_banks[2].dfv_bank_ctr  edge_count=205
              329873: DFV_COLLISION_DFV: TOP.rtlsim_shim.vortex.g_clusters[0].cluster.g_sockets[0].socket.dcache.g_cache_wrap[0].cache_wrap.g_cache.cache.g_banks[2].dfv_bank_ctr  edge_count=206
              329977: DFV_COLLISION_DFV: TOP.rtlsim_shim.vortex.g_clusters[0].cluster.g_sockets[0].socket.dcache.g_cache_wrap[0].cache_wrap.g_cache.cache.g_banks[3].dfv_bank_ctr  edge_count=554
              330015: DFV_COLLISION_DFV: TOP.rtlsim_shim.vortex.g_clusters[0].cluster.g_sockets[0].socket.dcache.g_cache_wrap[0].cache_wrap.g_cache.cache.g_banks[3].dfv_bank_ctr  edge_count=555
              330033: DFV_COLLISION_DFV: TOP.rtlsim_shim.vortex.g_clusters[0].cluster.g_sockets[0].socket.dcache.g_cache_wrap[0].cache_wrap.g_cache.cache.g_banks[3].dfv_bank_ctr  edge_count=556
              330091: DFV_COLLISION_DFV: TOP.rtlsim_shim.vortex.g_clusters[0].cluster.g_sockets[0].socket.dcache.g_cache_wrap[0].cache_wrap.g_cache.cache.g_banks[3].dfv_bank_ctr  edge_count=557
              330155: DFV_COLLISION_DFV: TOP.rtlsim_shim.vortex.g_clusters[0].cluster.g_sockets[0].socket.dcache.g_cache_wrap[0].cache_wrap.g_cache.cache.g_banks[3].dfv_bank_ctr  edge_count=558
              330211: DFV_COLLISION_DFV: TOP.rtlsim_shim.vortex.g_clusters[0].cluster.g_sockets[0].socket.dcache.g_cache_wrap[0].cache_wrap.g_cache.cache.g_banks[3].dfv_bank_ctr  edge_count=559
              330371: DFV_COLLISION_DFV: TOP.rtlsim_shim.vortex.g_clusters[0].cluster.g_sockets[0].socket.dcache.g_cache_wrap[0].cache_wrap.g_cache.cache.g_banks[3].dfv_bank_ctr  edge_count=560
              330497: DFV_COLLISION_DFV: TOP.rtlsim_shim.vortex.g_clusters[0].cluster.g_sockets[0].socket.dcache.g_cache_wrap[0].cache_wrap.g_cache.cache.g_banks[3].dfv_bank_ctr  edge_count=561
              330551: DFV_COLLISION_DFV: TOP.rtlsim_shim.vortex.g_clusters[0].cluster.g_sockets[0].socket.dcache.g_cache_wrap[0].cache_wrap.g_cache.cache.g_banks[3].dfv_bank_ctr  edge_count=562
              330621: DFV_COLLISION_DFV: TOP.rtlsim_shim.vortex.g_clusters[0].cluster.g_sockets[0].socket.dcache.g_cache_wrap[0].cache_wrap.g_cache.cache.g_banks[3].dfv_bank_ctr  edge_count=563
              330799: DFV_COLLISION_DFV: TOP.rtlsim_shim.vortex.g_clusters[0].cluster.g_sockets[0].socket.dcache.g_cache_wrap[0].cache_wrap.g_cache.cache.g_banks[3].dfv_bank_ctr  edge_count=564
              330817: DFV_COLLISION_DFV: TOP.rtlsim_shim.vortex.g_clusters[0].cluster.g_sockets[0].socket.dcache.g_cache_wrap[0].cache_wrap.g_cache.cache.g_banks[3].dfv_bank_ctr  edge_count=565
              331055: DFV_COLLISION_DFV: TOP.rtlsim_shim.vortex.g_clusters[0].cluster.g_sockets[0].socket.dcache.g_cache_wrap[0].cache_wrap.g_cache.cache.g_banks[3].dfv_bank_ctr  edge_count=566
              331089: DFV_COLLISION_DFV: TOP.rtlsim_shim.vortex.g_clusters[0].cluster.g_sockets[0].socket.dcache.g_cache_wrap[0].cache_wrap.g_cache.cache.g_banks[3].dfv_bank_ctr  edge_count=567
              331127: DFV_COLLISION_DFV: TOP.rtlsim_shim.vortex.g_clusters[0].cluster.g_sockets[0].socket.dcache.g_cache_wrap[0].cache_wrap.g_cache.cache.g_banks[3].dfv_bank_ctr  edge_count=568
              331145: DFV_COLLISION_DFV: TOP.rtlsim_shim.vortex.g_clusters[0].cluster.g_sockets[0].socket.dcache.g_cache_wrap[0].cache_wrap.g_cache.cache.g_banks[3].dfv_bank_ctr  edge_count=569
              331155: DFV_COLLISION_DFV: TOP.rtlsim_shim.vortex.g_clusters[0].cluster.g_sockets[0].socket.dcache.g_cache_wrap[0].cache_wrap.g_cache.cache.g_banks[3].dfv_bank_ctr  edge_count=570
              331289: DFV_COLLISION_DFV: TOP.rtlsim_shim.vortex.g_clusters[0].cluster.g_sockets[0].socket.dcache.g_cache_wrap[0].cache_wrap.g_cache.cache.g_banks[3].dfv_bank_ctr  edge_count=571
              331381: DFV_COLLISION_DFV: TOP.rtlsim_shim.vortex.g_clusters[0].cluster.g_sockets[0].socket.dcache.g_cache_wrap[0].cache_wrap.g_cache.cache.g_banks[2].dfv_bank_ctr  edge_count=207
              331561: DFV_COLLISION_DFV: TOP.rtlsim_shim.vortex.g_clusters[0].cluster.g_sockets[0].socket.dcache.g_cache_wrap[0].cache_wrap.g_cache.cache.g_banks[2].dfv_bank_ctr  edge_count=208
              331611: DFV_COLLISION_DFV: TOP.rtlsim_shim.vortex.g_clusters[0].cluster.g_sockets[0].socket.dcache.g_cache_wrap[0].cache_wrap.g_cache.cache.g_banks[2].dfv_bank_ctr  edge_count=209
              331649: DFV_COLLISION_DFV: TOP.rtlsim_shim.vortex.g_clusters[0].cluster.g_sockets[0].socket.dcache.g_cache_wrap[0].cache_wrap.g_cache.cache.g_banks[2].dfv_bank_ctr  edge_count=210
              331669: DFV_COLLISION_DFV: TOP.rtlsim_shim.vortex.g_clusters[0].cluster.g_sockets[0].socket.dcache.g_cache_wrap[0].cache_wrap.g_cache.cache.g_banks[2].dfv_bank_ctr  edge_count=211
              331717: DFV_COLLISION_DFV: TOP.rtlsim_shim.vortex.g_clusters[0].cluster.g_sockets[0].socket.dcache.g_cache_wrap[0].cache_wrap.g_cache.cache.g_banks[2].dfv_bank_ctr  edge_count=212
              331743: DFV_COLLISION_DFV: TOP.rtlsim_shim.vortex.g_clusters[0].cluster.g_sockets[0].socket.dcache.g_cache_wrap[0].cache_wrap.g_cache.cache.g_banks[2].dfv_bank_ctr  edge_count=213
              331795: DFV_COLLISION_DFV: TOP.rtlsim_shim.vortex.g_clusters[0].cluster.g_sockets[0].socket.dcache.g_cache_wrap[0].cache_wrap.g_cache.cache.g_banks[2].dfv_bank_ctr  edge_count=214
              331807: DFV_COLLISION_DFV: TOP.rtlsim_shim.vortex.g_clusters[0].cluster.g_sockets[0].socket.dcache.g_cache_wrap[0].cache_wrap.g_cache.cache.g_banks[2].dfv_bank_ctr  edge_count=215
              331833: DFV_COLLISION_DFV: TOP.rtlsim_shim.vortex.g_clusters[0].cluster.g_sockets[0].socket.dcache.g_cache_wrap[0].cache_wrap.g_cache.cache.g_banks[2].dfv_bank_ctr  edge_count=216
              331865: DFV_COLLISION_DFV: TOP.rtlsim_shim.vortex.g_clusters[0].cluster.g_sockets[0].socket.dcache.g_cache_wrap[0].cache_wrap.g_cache.cache.g_banks[2].dfv_bank_ctr  edge_count=217
              331899: DFV_COLLISION_DFV: TOP.rtlsim_shim.vortex.g_clusters[0].cluster.g_sockets[0].socket.dcache.g_cache_wrap[0].cache_wrap.g_cache.cache.g_banks[2].dfv_bank_ctr  edge_count=218
              331939: DFV_COLLISION_DFV: TOP.rtlsim_shim.vortex.g_clusters[0].cluster.g_sockets[0].socket.dcache.g_cache_wrap[0].cache_wrap.g_cache.cache.g_banks[2].dfv_bank_ctr  edge_count=219
              332025: DFV_COLLISION_DFV: TOP.rtlsim_shim.vortex.g_clusters[0].cluster.g_sockets[0].socket.dcache.g_cache_wrap[0].cache_wrap.g_cache.cache.g_banks[2].dfv_bank_ctr  edge_count=220
              332085: DFV_COLLISION_DFV: TOP.rtlsim_shim.vortex.g_clusters[0].cluster.g_sockets[0].socket.dcache.g_cache_wrap[0].cache_wrap.g_cache.cache.g_banks[2].dfv_bank_ctr  edge_count=221
              332141: DFV_COLLISION_DFV: TOP.rtlsim_shim.vortex.g_clusters[0].cluster.g_sockets[0].socket.dcache.g_cache_wrap[0].cache_wrap.g_cache.cache.g_banks[2].dfv_bank_ctr  edge_count=222
              332431: DFV_COLLISION_DFV: TOP.rtlsim_shim.vortex.g_clusters[0].cluster.g_sockets[0].socket.dcache.g_cache_wrap[0].cache_wrap.g_cache.cache.g_banks[2].dfv_bank_ctr  edge_count=223
              332581: DFV_COLLISION_DFV: TOP.rtlsim_shim.vortex.g_clusters[0].cluster.g_sockets[0].socket.dcache.g_cache_wrap[0].cache_wrap.g_cache.cache.g_banks[2].dfv_bank_ctr  edge_count=224
              332705: DFV_COLLISION_DFV: TOP.rtlsim_shim.vortex.g_clusters[0].cluster.g_sockets[0].socket.dcache.g_cache_wrap[0].cache_wrap.g_cache.cache.g_banks[2].dfv_bank_ctr  edge_count=225
              332795: DFV_COLLISION_DFV: TOP.rtlsim_shim.vortex.g_clusters[0].cluster.g_sockets[0].socket.dcache.g_cache_wrap[0].cache_wrap.g_cache.cache.g_banks[2].dfv_bank_ctr  edge_count=226
              332849: DFV_COLLISION_DFV: TOP.rtlsim_shim.vortex.g_clusters[0].cluster.g_sockets[0].socket.dcache.g_cache_wrap[0].cache_wrap.g_cache.cache.g_banks[2].dfv_bank_ctr  edge_count=227
              332861: DFV_COLLISION_DFV: TOP.rtlsim_shim.vortex.g_clusters[0].cluster.g_sockets[0].socket.dcache.g_cache_wrap[0].cache_wrap.g_cache.cache.g_banks[2].dfv_bank_ctr  edge_count=228
              332889: DFV_COLLISION_DFV: TOP.rtlsim_shim.vortex.g_clusters[0].cluster.g_sockets[0].socket.dcache.g_cache_wrap[0].cache_wrap.g_cache.cache.g_banks[2].dfv_bank_ctr  edge_count=229
              332919: DFV_COLLISION_DFV: TOP.rtlsim_shim.vortex.g_clusters[0].cluster.g_sockets[0].socket.dcache.g_cache_wrap[0].cache_wrap.g_cache.cache.g_banks[2].dfv_bank_ctr  edge_count=230
              333099: DFV_COLLISION_DFV: TOP.rtlsim_shim.vortex.g_clusters[0].cluster.g_sockets[0].socket.dcache.g_cache_wrap[0].cache_wrap.g_cache.cache.g_banks[2].dfv_bank_ctr  edge_count=231
              333153: DFV_COLLISION_DFV: TOP.rtlsim_shim.vortex.g_clusters[0].cluster.g_sockets[0].socket.dcache.g_cache_wrap[0].cache_wrap.g_cache.cache.g_banks[2].dfv_bank_ctr  edge_count=232
              333269: DFV_COLLISION_DFV: TOP.rtlsim_shim.vortex.g_clusters[0].cluster.g_sockets[0].socket.dcache.g_cache_wrap[0].cache_wrap.g_cache.cache.g_banks[2].dfv_bank_ctr  edge_count=233
              333387: DFV_COLLISION_DFV: TOP.rtlsim_shim.vortex.g_clusters[0].cluster.g_sockets[0].socket.dcache.g_cache_wrap[0].cache_wrap.g_cache.cache.g_banks[2].dfv_bank_ctr  edge_count=234
              333405: DFV_COLLISION_DFV: TOP.rtlsim_shim.vortex.g_clusters[0].cluster.g_sockets[0].socket.dcache.g_cache_wrap[0].cache_wrap.g_cache.cache.g_banks[2].dfv_bank_ctr  edge_count=235
              333441: DFV_COLLISION_DFV: TOP.rtlsim_shim.vortex.g_clusters[0].cluster.g_sockets[0].socket.dcache.g_cache_wrap[0].cache_wrap.g_cache.cache.g_banks[2].dfv_bank_ctr  edge_count=236
              333527: DFV_COLLISION_DFV: TOP.rtlsim_shim.vortex.g_clusters[0].cluster.g_sockets[0].socket.dcache.g_cache_wrap[0].cache_wrap.g_cache.cache.g_banks[2].dfv_bank_ctr  edge_count=237
              333599: DFV_COLLISION_DFV: TOP.rtlsim_shim.vortex.g_clusters[0].cluster.g_sockets[0].socket.dcache.g_cache_wrap[0].cache_wrap.g_cache.cache.g_banks[2].dfv_bank_ctr  edge_count=238
              333713: DFV_COLLISION_DFV: TOP.rtlsim_shim.vortex.g_clusters[0].cluster.g_sockets[0].socket.dcache.g_cache_wrap[0].cache_wrap.g_cache.cache.g_banks[2].dfv_bank_ctr  edge_count=239
              333789: DFV_COLLISION_DFV: TOP.rtlsim_shim.vortex.g_clusters[0].cluster.g_sockets[0].socket.dcache.g_cache_wrap[0].cache_wrap.g_cache.cache.g_banks[2].dfv_bank_ctr  edge_count=240
              333811: DFV_COLLISION_DFV: TOP.rtlsim_shim.vortex.g_clusters[0].cluster.g_sockets[0].socket.dcache.g_cache_wrap[0].cache_wrap.g_cache.cache.g_banks[2].dfv_bank_ctr  edge_count=241
              333831: DFV_COLLISION_DFV: TOP.rtlsim_shim.vortex.g_clusters[0].cluster.g_sockets[0].socket.dcache.g_cache_wrap[0].cache_wrap.g_cache.cache.g_banks[2].dfv_bank_ctr  edge_count=242
              333871: DFV_COLLISION_DFV: TOP.rtlsim_shim.vortex.g_clusters[0].cluster.g_sockets[0].socket.dcache.g_cache_wrap[0].cache_wrap.g_cache.cache.g_banks[2].dfv_bank_ctr  edge_count=243
              333931: DFV_COLLISION_DFV: TOP.rtlsim_shim.vortex.g_clusters[0].cluster.g_sockets[0].socket.dcache.g_cache_wrap[0].cache_wrap.g_cache.cache.g_banks[2].dfv_bank_ctr  edge_count=244
              334041: DFV_COLLISION_DFV: TOP.rtlsim_shim.vortex.g_clusters[0].cluster.g_sockets[0].socket.dcache.g_cache_wrap[0].cache_wrap.g_cache.cache.g_banks[2].dfv_bank_ctr  edge_count=245
              334095: DFV_COLLISION_DFV: TOP.rtlsim_shim.vortex.g_clusters[0].cluster.g_sockets[0].socket.dcache.g_cache_wrap[0].cache_wrap.g_cache.cache.g_banks[2].dfv_bank_ctr  edge_count=246
              334115: DFV_COLLISION_DFV: TOP.rtlsim_shim.vortex.g_clusters[0].cluster.g_sockets[0].socket.dcache.g_cache_wrap[0].cache_wrap.g_cache.cache.g_banks[2].dfv_bank_ctr  edge_count=247
              334167: DFV_COLLISION_DFV: TOP.rtlsim_shim.vortex.g_clusters[0].cluster.g_sockets[0].socket.dcache.g_cache_wrap[0].cache_wrap.g_cache.cache.g_banks[2].dfv_bank_ctr  edge_count=248
              334181: DFV_COLLISION_DFV: TOP.rtlsim_shim.vortex.g_clusters[0].cluster.g_sockets[0].socket.dcache.g_cache_wrap[0].cache_wrap.g_cache.cache.g_banks[2].dfv_bank_ctr  edge_count=249
              334261: DFV_COLLISION_DFV: TOP.rtlsim_shim.vortex.g_clusters[0].cluster.g_sockets[0].socket.dcache.g_cache_wrap[0].cache_wrap.g_cache.cache.g_banks[2].dfv_bank_ctr  edge_count=250
              334375: DFV_COLLISION_DFV: TOP.rtlsim_shim.vortex.g_clusters[0].cluster.g_sockets[0].socket.dcache.g_cache_wrap[0].cache_wrap.g_cache.cache.g_banks[2].dfv_bank_ctr  edge_count=251
              334447: DFV_COLLISION_DFV: TOP.rtlsim_shim.vortex.g_clusters[0].cluster.g_sockets[0].socket.dcache.g_cache_wrap[0].cache_wrap.g_cache.cache.g_banks[2].dfv_bank_ctr  edge_count=252
              334535: DFV_COLLISION_DFV: TOP.rtlsim_shim.vortex.g_clusters[0].cluster.g_sockets[0].socket.dcache.g_cache_wrap[0].cache_wrap.g_cache.cache.g_banks[2].dfv_bank_ctr  edge_count=253
              334557: DFV_COLLISION_DFV: TOP.rtlsim_shim.vortex.g_clusters[0].cluster.g_sockets[0].socket.dcache.g_cache_wrap[0].cache_wrap.g_cache.cache.g_banks[2].dfv_bank_ctr  edge_count=254
              334587: DFV_COLLISION_DFV: TOP.rtlsim_shim.vortex.g_clusters[0].cluster.g_sockets[0].socket.dcache.g_cache_wrap[0].cache_wrap.g_cache.cache.g_banks[2].dfv_bank_ctr  edge_count=255
              334651: DFV_COLLISION_DFV: TOP.rtlsim_shim.vortex.g_clusters[0].cluster.g_sockets[0].socket.dcache.g_cache_wrap[0].cache_wrap.g_cache.cache.g_banks[2].dfv_bank_ctr  edge_count=256
              334689: DFV_COLLISION_DFV: TOP.rtlsim_shim.vortex.g_clusters[0].cluster.g_sockets[0].socket.dcache.g_cache_wrap[0].cache_wrap.g_cache.cache.g_banks[2].dfv_bank_ctr  edge_count=257
              334747: DFV_COLLISION_DFV: TOP.rtlsim_shim.vortex.g_clusters[0].cluster.g_sockets[0].socket.dcache.g_cache_wrap[0].cache_wrap.g_cache.cache.g_banks[2].dfv_bank_ctr  edge_count=258
              334911: DFV_COLLISION_DFV: TOP.rtlsim_shim.vortex.g_clusters[0].cluster.g_sockets[0].socket.dcache.g_cache_wrap[0].cache_wrap.g_cache.cache.g_banks[2].dfv_bank_ctr  edge_count=259
              334989: DFV_COLLISION_DFV: TOP.rtlsim_shim.vortex.g_clusters[0].cluster.g_sockets[0].socket.dcache.g_cache_wrap[0].cache_wrap.g_cache.cache.g_banks[2].dfv_bank_ctr  edge_count=260
              335043: DFV_COLLISION_DFV: TOP.rtlsim_shim.vortex.g_clusters[0].cluster.g_sockets[0].socket.dcache.g_cache_wrap[0].cache_wrap.g_cache.cache.g_banks[2].dfv_bank_ctr  edge_count=261
              335097: DFV_COLLISION_DFV: TOP.rtlsim_shim.vortex.g_clusters[0].cluster.g_sockets[0].socket.dcache.g_cache_wrap[0].cache_wrap.g_cache.cache.g_banks[2].dfv_bank_ctr  edge_count=262
              335121: DFV_COLLISION_DFV: TOP.rtlsim_shim.vortex.g_clusters[0].cluster.g_sockets[0].socket.dcache.g_cache_wrap[0].cache_wrap.g_cache.cache.g_banks[2].dfv_bank_ctr  edge_count=263
              335139: DFV_COLLISION_DFV: TOP.rtlsim_shim.vortex.g_clusters[0].cluster.g_sockets[0].socket.dcache.g_cache_wrap[0].cache_wrap.g_cache.cache.g_banks[2].dfv_bank_ctr  edge_count=264
              335149: DFV_COLLISION_DFV: TOP.rtlsim_shim.vortex.g_clusters[0].cluster.g_sockets[0].socket.dcache.g_cache_wrap[0].cache_wrap.g_cache.cache.g_banks[2].dfv_bank_ctr  edge_count=265
              335167: DFV_COLLISION_DFV: TOP.rtlsim_shim.vortex.g_clusters[0].cluster.g_sockets[0].socket.dcache.g_cache_wrap[0].cache_wrap.g_cache.cache.g_banks[2].dfv_bank_ctr  edge_count=266
              335227: DFV_COLLISION_DFV: TOP.rtlsim_shim.vortex.g_clusters[0].cluster.g_sockets[0].socket.dcache.g_cache_wrap[0].cache_wrap.g_cache.cache.g_banks[2].dfv_bank_ctr  edge_count=267
              335275: DFV_COLLISION_DFV: TOP.rtlsim_shim.vortex.g_clusters[0].cluster.g_sockets[0].socket.dcache.g_cache_wrap[0].cache_wrap.g_cache.cache.g_banks[2].dfv_bank_ctr  edge_count=268
              335487: DFV_COLLISION_DFV: TOP.rtlsim_shim.vortex.g_clusters[0].cluster.g_sockets[0].socket.dcache.g_cache_wrap[0].cache_wrap.g_cache.cache.g_banks[2].dfv_bank_ctr  edge_count=269
              335787: DFV_COLLISION_DFV: TOP.rtlsim_shim.vortex.g_clusters[0].cluster.g_sockets[0].socket.dcache.g_cache_wrap[0].cache_wrap.g_cache.cache.g_banks[2].dfv_bank_ctr  edge_count=270
              335841: DFV_COLLISION_DFV: TOP.rtlsim_shim.vortex.g_clusters[0].cluster.g_sockets[0].socket.dcache.g_cache_wrap[0].cache_wrap.g_cache.cache.g_banks[2].dfv_bank_ctr  edge_count=271
              335959: DFV_COLLISION_DFV: TOP.rtlsim_shim.vortex.g_clusters[0].cluster.g_sockets[0].socket.dcache.g_cache_wrap[0].cache_wrap.g_cache.cache.g_banks[2].dfv_bank_ctr  edge_count=272
              335997: DFV_COLLISION_DFV: TOP.rtlsim_shim.vortex.g_clusters[0].cluster.g_sockets[0].socket.dcache.g_cache_wrap[0].cache_wrap.g_cache.cache.g_banks[2].dfv_bank_ctr  edge_count=273
              336047: DFV_COLLISION_DFV: TOP.rtlsim_shim.vortex.g_clusters[0].cluster.g_sockets[0].socket.dcache.g_cache_wrap[0].cache_wrap.g_cache.cache.g_banks[2].dfv_bank_ctr  edge_count=274
              336061: DFV_COLLISION_DFV: TOP.rtlsim_shim.vortex.g_clusters[0].cluster.g_sockets[0].socket.dcache.g_cache_wrap[0].cache_wrap.g_cache.cache.g_banks[2].dfv_bank_ctr  edge_count=275
              336081: DFV_COLLISION_DFV: TOP.rtlsim_shim.vortex.g_clusters[0].cluster.g_sockets[0].socket.dcache.g_cache_wrap[0].cache_wrap.g_cache.cache.g_banks[2].dfv_bank_ctr  edge_count=276
              336139: DFV_COLLISION_DFV: TOP.rtlsim_shim.vortex.g_clusters[0].cluster.g_sockets[0].socket.dcache.g_cache_wrap[0].cache_wrap.g_cache.cache.g_banks[2].dfv_bank_ctr  edge_count=277
              336289: DFV_COLLISION_DFV: TOP.rtlsim_shim.vortex.g_clusters[0].cluster.g_sockets[0].socket.dcache.g_cache_wrap[0].cache_wrap.g_cache.cache.g_banks[2].dfv_bank_ctr  edge_count=278
              336303: DFV_COLLISION_DFV: TOP.rtlsim_shim.vortex.g_clusters[0].cluster.g_sockets[0].socket.dcache.g_cache_wrap[0].cache_wrap.g_cache.cache.g_banks[2].dfv_bank_ctr  edge_count=279
              336333: DFV_COLLISION_DFV: TOP.rtlsim_shim.vortex.g_clusters[0].cluster.g_sockets[0].socket.dcache.g_cache_wrap[0].cache_wrap.g_cache.cache.g_banks[2].dfv_bank_ctr  edge_count=280
              336349: DFV_COLLISION_DFV: TOP.rtlsim_shim.vortex.g_clusters[0].cluster.g_sockets[0].socket.dcache.g_cache_wrap[0].cache_wrap.g_cache.cache.g_banks[2].dfv_bank_ctr  edge_count=281
              336359: DFV_COLLISION_DFV: TOP.rtlsim_shim.vortex.g_clusters[0].cluster.g_sockets[0].socket.dcache.g_cache_wrap[0].cache_wrap.g_cache.cache.g_banks[2].dfv_bank_ctr  edge_count=282
              336429: DFV_COLLISION_DFV: TOP.rtlsim_shim.vortex.g_clusters[0].cluster.g_sockets[0].socket.dcache.g_cache_wrap[0].cache_wrap.g_cache.cache.g_banks[2].dfv_bank_ctr  edge_count=283
              336443: DFV_COLLISION_DFV: TOP.rtlsim_shim.vortex.g_clusters[0].cluster.g_sockets[0].socket.dcache.g_cache_wrap[0].cache_wrap.g_cache.cache.g_banks[2].dfv_bank_ctr  edge_count=284
              336453: DFV_COLLISION_DFV: TOP.rtlsim_shim.vortex.g_clusters[0].cluster.g_sockets[0].socket.dcache.g_cache_wrap[0].cache_wrap.g_cache.cache.g_banks[2].dfv_bank_ctr  edge_count=285
              336501: DFV_COLLISION_DFV: TOP.rtlsim_shim.vortex.g_clusters[0].cluster.g_sockets[0].socket.dcache.g_cache_wrap[0].cache_wrap.g_cache.cache.g_banks[2].dfv_bank_ctr  edge_count=286
              336559: DFV_COLLISION_DFV: TOP.rtlsim_shim.vortex.g_clusters[0].cluster.g_sockets[0].socket.dcache.g_cache_wrap[0].cache_wrap.g_cache.cache.g_banks[2].dfv_bank_ctr  edge_count=287
              336583: DFV_COLLISION_DFV: TOP.rtlsim_shim.vortex.g_clusters[0].cluster.g_sockets[0].socket.dcache.g_cache_wrap[0].cache_wrap.g_cache.cache.g_banks[2].dfv_bank_ctr  edge_count=288
              336609: DFV_COLLISION_DFV: TOP.rtlsim_shim.vortex.g_clusters[0].cluster.g_sockets[0].socket.dcache.g_cache_wrap[0].cache_wrap.g_cache.cache.g_banks[2].dfv_bank_ctr  edge_count=289
              336641: DFV_COLLISION_DFV: TOP.rtlsim_shim.vortex.g_clusters[0].cluster.g_sockets[0].socket.dcache.g_cache_wrap[0].cache_wrap.g_cache.cache.g_banks[2].dfv_bank_ctr  edge_count=290
              336691: DFV_COLLISION_DFV: TOP.rtlsim_shim.vortex.g_clusters[0].cluster.g_sockets[0].socket.dcache.g_cache_wrap[0].cache_wrap.g_cache.cache.g_banks[2].dfv_bank_ctr  edge_count=291
              336751: DFV_COLLISION_DFV: TOP.rtlsim_shim.vortex.g_clusters[0].cluster.g_sockets[0].socket.dcache.g_cache_wrap[0].cache_wrap.g_cache.cache.g_banks[2].dfv_bank_ctr  edge_count=292
              336773: DFV_COLLISION_DFV: TOP.rtlsim_shim.vortex.g_clusters[0].cluster.g_sockets[0].socket.dcache.g_cache_wrap[0].cache_wrap.g_cache.cache.g_banks[2].dfv_bank_ctr  edge_count=293
              336833: DFV_COLLISION_DFV: TOP.rtlsim_shim.vortex.g_clusters[0].cluster.g_sockets[0].socket.dcache.g_cache_wrap[0].cache_wrap.g_cache.cache.g_banks[2].dfv_bank_ctr  edge_count=294
              336865: DFV_COLLISION_DFV: TOP.rtlsim_shim.vortex.g_clusters[0].cluster.g_sockets[0].socket.dcache.g_cache_wrap[0].cache_wrap.g_cache.cache.g_banks[2].dfv_bank_ctr  edge_count=295
              336921: DFV_COLLISION_DFV: TOP.rtlsim_shim.vortex.g_clusters[0].cluster.g_sockets[0].socket.dcache.g_cache_wrap[0].cache_wrap.g_cache.cache.g_banks[2].dfv_bank_ctr  edge_count=296
              336933: DFV_COLLISION_DFV: TOP.rtlsim_shim.vortex.g_clusters[0].cluster.g_sockets[0].socket.dcache.g_cache_wrap[0].cache_wrap.g_cache.cache.g_banks[2].dfv_bank_ctr  edge_count=297
              337115: DFV_COLLISION_DFV: TOP.rtlsim_shim.vortex.g_clusters[0].cluster.g_sockets[0].socket.dcache.g_cache_wrap[0].cache_wrap.g_cache.cache.g_banks[2].dfv_bank_ctr  edge_count=298
              337143: DFV_COLLISION_DFV: TOP.rtlsim_shim.vortex.g_clusters[0].cluster.g_sockets[0].socket.dcache.g_cache_wrap[0].cache_wrap.g_cache.cache.g_banks[2].dfv_bank_ctr  edge_count=299
              337417: DFV_COLLISION_DFV: TOP.rtlsim_shim.vortex.g_clusters[0].cluster.g_sockets[0].socket.dcache.g_cache_wrap[0].cache_wrap.g_cache.cache.g_banks[2].dfv_bank_ctr  edge_count=300
              337517: DFV_COLLISION_DFV: TOP.rtlsim_shim.vortex.g_clusters[0].cluster.g_sockets[0].socket.dcache.g_cache_wrap[0].cache_wrap.g_cache.cache.g_banks[2].dfv_bank_ctr  edge_count=301
              337547: DFV_COLLISION_DFV: TOP.rtlsim_shim.vortex.g_clusters[0].cluster.g_sockets[0].socket.dcache.g_cache_wrap[0].cache_wrap.g_cache.cache.g_banks[2].dfv_bank_ctr  edge_count=302
              337605: DFV_COLLISION_DFV: TOP.rtlsim_shim.vortex.g_clusters[0].cluster.g_sockets[0].socket.dcache.g_cache_wrap[0].cache_wrap.g_cache.cache.g_banks[2].dfv_bank_ctr  edge_count=303
              337689: DFV_COLLISION_DFV: TOP.rtlsim_shim.vortex.g_clusters[0].cluster.g_sockets[0].socket.dcache.g_cache_wrap[0].cache_wrap.g_cache.cache.g_banks[2].dfv_bank_ctr  edge_count=304
              337733: DFV_COLLISION_DFV: TOP.rtlsim_shim.vortex.g_clusters[0].cluster.g_sockets[0].socket.dcache.g_cache_wrap[0].cache_wrap.g_cache.cache.g_banks[2].dfv_bank_ctr  edge_count=305
              337821: DFV_COLLISION_DFV: TOP.rtlsim_shim.vortex.g_clusters[0].cluster.g_sockets[0].socket.dcache.g_cache_wrap[0].cache_wrap.g_cache.cache.g_banks[2].dfv_bank_ctr  edge_count=306
              337841: DFV_COLLISION_DFV: TOP.rtlsim_shim.vortex.g_clusters[0].cluster.g_sockets[0].socket.dcache.g_cache_wrap[0].cache_wrap.g_cache.cache.g_banks[2].dfv_bank_ctr  edge_count=307
              337919: DFV_COLLISION_DFV: TOP.rtlsim_shim.vortex.g_clusters[0].cluster.g_sockets[0].socket.dcache.g_cache_wrap[0].cache_wrap.g_cache.cache.g_banks[2].dfv_bank_ctr  edge_count=308
              338117: DFV_COLLISION_DFV: TOP.rtlsim_shim.vortex.g_clusters[0].cluster.g_sockets[0].socket.dcache.g_cache_wrap[0].cache_wrap.g_cache.cache.g_banks[2].dfv_bank_ctr  edge_count=309
              338181: DFV_COLLISION_DFV: TOP.rtlsim_shim.vortex.g_clusters[0].cluster.g_sockets[0].socket.dcache.g_cache_wrap[0].cache_wrap.g_cache.cache.g_banks[2].dfv_bank_ctr  edge_count=310
              338245: DFV_COLLISION_DFV: TOP.rtlsim_shim.vortex.g_clusters[0].cluster.g_sockets[0].socket.dcache.g_cache_wrap[0].cache_wrap.g_cache.cache.g_banks[2].dfv_bank_ctr  edge_count=311
              338273: DFV_COLLISION_DFV: TOP.rtlsim_shim.vortex.g_clusters[0].cluster.g_sockets[0].socket.dcache.g_cache_wrap[0].cache_wrap.g_cache.cache.g_banks[2].dfv_bank_ctr  edge_count=312
              338303: DFV_COLLISION_DFV: TOP.rtlsim_shim.vortex.g_clusters[0].cluster.g_sockets[0].socket.dcache.g_cache_wrap[0].cache_wrap.g_cache.cache.g_banks[2].dfv_bank_ctr  edge_count=313
              338327: DFV_COLLISION_DFV: TOP.rtlsim_shim.vortex.g_clusters[0].cluster.g_sockets[0].socket.dcache.g_cache_wrap[0].cache_wrap.g_cache.cache.g_banks[2].dfv_bank_ctr  edge_count=314
              339145: DFV_COLLISION_DFV: TOP.rtlsim_shim.vortex.g_clusters[0].cluster.g_sockets[0].socket.dcache.g_cache_wrap[0].cache_wrap.g_cache.cache.g_banks[2].dfv_bank_ctr  edge_count=315
              339185: DFV_COLLISION_DFV: TOP.rtlsim_shim.vortex.g_clusters[0].cluster.g_sockets[0].socket.dcache.g_cache_wrap[0].cache_wrap.g_cache.cache.g_banks[2].dfv_bank_ctr  edge_count=316
              339205: DFV_COLLISION_DFV: TOP.rtlsim_shim.vortex.g_clusters[0].cluster.g_sockets[0].socket.dcache.g_cache_wrap[0].cache_wrap.g_cache.cache.g_banks[2].dfv_bank_ctr  edge_count=317
              339243: DFV_COLLISION_DFV: TOP.rtlsim_shim.vortex.g_clusters[0].cluster.g_sockets[0].socket.dcache.g_cache_wrap[0].cache_wrap.g_cache.cache.g_banks[2].dfv_bank_ctr  edge_count=318
              339395: DFV_COLLISION_DFV: TOP.rtlsim_shim.vortex.g_clusters[0].cluster.g_sockets[0].socket.dcache.g_cache_wrap[0].cache_wrap.g_cache.cache.g_banks[2].dfv_bank_ctr  edge_count=319
              339601: DFV_COLLISION_DFV: TOP.rtlsim_shim.vortex.g_clusters[0].cluster.g_sockets[0].socket.dcache.g_cache_wrap[0].cache_wrap.g_cache.cache.g_banks[2].dfv_bank_ctr  edge_count=320
              339621: DFV_COLLISION_DFV: TOP.rtlsim_shim.vortex.g_clusters[0].cluster.g_sockets[0].socket.dcache.g_cache_wrap[0].cache_wrap.g_cache.cache.g_banks[2].dfv_bank_ctr  edge_count=321
340076: [sim] running... (170000 cycles)
342462: [sim] idle after 171193 cycles
344462: [sim] drained 1000 cycles
download destination buffer
verify result
cleanup
PERF: instrs=92960, cycles=170583, IPC=0.544955
PASSED!
make: Leaving directory '/home/miggleliu/Documents/vortex_DFV/vortex_DFV/build/tests/regression/io_addr'

COLLISION: dfv_bank0=9
COLLISION: dfv_bank1=16
COLLISION: dfv_bank2=321
COLLISION: dfv_bank3=571
COLLISION: natural_bank3=3
