              107513: DFV_COLLISION_DFV: TOP.rtlsim_shim.vortex.g_clusters[0].cluster.g_sockets[0].socket.dcache.g_cache_wrap[0].cache_wrap.g_cache.cache.g_banks[2].dfv_bank_ctr  edge_count=58
              107619: DFV_COLLISION_DFV: TOP.rtlsim_shim.vortex.g_clusters[0].cluster.g_sockets[0].socket.dcache.g_cache_wrap[0].cache_wrap.g_cache.cache.g_banks[2].dfv_bank_ctr  edge_count=59
              107631: DFV_COLLISION_DFV: TOP.rtlsim_shim.vortex.g_clusters[0].cluster.g_sockets[0].socket.dcache.g_cache_wrap[0].cache_wrap.g_cache.cache.g_banks[2].dfv_bank_ctr  edge_count=60
              107921: DFV_COLLISION_DFV: TOP.rtlsim_shim.vortex.g_clusters[0].cluster.g_sockets[0].socket.dcache.g_cache_wrap[0].cache_wrap.g_cache.cache.g_banks[2].dfv_bank_ctr  edge_count=61
              107973: DFV_COLLISION_DFV: TOP.rtlsim_shim.vortex.g_clusters[0].cluster.g_sockets[0].socket.dcache.g_cache_wrap[0].cache_wrap.g_cache.cache.g_banks[2].dfv_bank_ctr  edge_count=62
              108009: DFV_COLLISION_DFV: TOP.rtlsim_shim.vortex.g_clusters[0].cluster.g_sockets[0].socket.dcache.g_cache_wrap[0].cache_wrap.g_cache.cache.g_banks[2].dfv_bank_ctr  edge_count=63
              108141: DFV_COLLISION_DFV: TOP.rtlsim_shim.vortex.g_clusters[0].cluster.g_sockets[0].socket.dcache.g_cache_wrap[0].cache_wrap.g_cache.cache.g_banks[2].dfv_bank_ctr  edge_count=64
              108193: DFV_COLLISION_DFV: TOP.rtlsim_shim.vortex.g_clusters[0].cluster.g_sockets[0].socket.dcache.g_cache_wrap[0].cache_wrap.g_cache.cache.g_banks[2].dfv_bank_ctr  edge_count=65
              108227: DFV_COLLISION_DFV: TOP.rtlsim_shim.vortex.g_clusters[0].cluster.g_sockets[0].socket.dcache.g_cache_wrap[0].cache_wrap.g_cache.cache.g_banks[2].dfv_bank_ctr  edge_count=66
              108271: DFV_COLLISION_DFV: TOP.rtlsim_shim.vortex.g_clusters[0].cluster.g_sockets[0].socket.dcache.g_cache_wrap[0].cache_wrap.g_cache.cache.g_banks[2].dfv_bank_ctr  edge_count=67
              108321: DFV_COLLISION_DFV: TOP.rtlsim_shim.vortex.g_clusters[0].cluster.g_sockets[0].socket.dcache.g_cache_wrap[0].cache_wrap.g_cache.cache.g_banks[2].dfv_bank_ctr  edge_count=68
              108355: DFV_COLLISION_DFV: TOP.rtlsim_shim.vortex.g_clusters[0].cluster.g_sockets[0].socket.dcache.g_cache_wrap[0].cache_wrap.g_cache.cache.g_banks[2].dfv_bank_ctr  edge_count=69
              108445: DFV_COLLISION_DFV: TOP.rtlsim_shim.vortex.g_clusters[0].cluster.g_sockets[0].socket.dcache.g_cache_wrap[0].cache_wrap.g_cache.cache.g_banks[2].dfv_bank_ctr  edge_count=70
              108503: DFV_COLLISION_DFV: TOP.rtlsim_shim.vortex.g_clusters[0].cluster.g_sockets[0].socket.dcache.g_cache_wrap[0].cache_wrap.g_cache.cache.g_banks[2].dfv_bank_ctr  edge_count=71
              108563: DFV_COLLISION_DFV: TOP.rtlsim_shim.vortex.g_clusters[0].cluster.g_sockets[0].socket.dcache.g_cache_wrap[0].cache_wrap.g_cache.cache.g_banks[2].dfv_bank_ctr  edge_count=72
              108745: DFV_COLLISION_DFV: TOP.rtlsim_shim.vortex.g_clusters[0].cluster.g_sockets[0].socket.dcache.g_cache_wrap[0].cache_wrap.g_cache.cache.g_banks[3].dfv_bank_ctr  edge_count=214
              108783: DFV_COLLISION_DFV: TOP.rtlsim_shim.vortex.g_clusters[0].cluster.g_sockets[0].socket.dcache.g_cache_wrap[0].cache_wrap.g_cache.cache.g_banks[3].dfv_bank_ctr  edge_count=215
              108801: DFV_COLLISION_DFV: TOP.rtlsim_shim.vortex.g_clusters[0].cluster.g_sockets[0].socket.dcache.g_cache_wrap[0].cache_wrap.g_cache.cache.g_banks[3].dfv_bank_ctr  edge_count=216
              108841: DFV_COLLISION_DFV: TOP.rtlsim_shim.vortex.g_clusters[0].cluster.g_sockets[0].socket.dcache.g_cache_wrap[0].cache_wrap.g_cache.cache.g_banks[3].dfv_bank_ctr  edge_count=217
              108869: DFV_COLLISION_DFV: TOP.rtlsim_shim.vortex.g_clusters[0].cluster.g_sockets[0].socket.dcache.g_cache_wrap[0].cache_wrap.g_cache.cache.g_banks[3].dfv_bank_ctr  edge_count=218
              108883: DFV_COLLISION_DFV: TOP.rtlsim_shim.vortex.g_clusters[0].cluster.g_sockets[0].socket.dcache.g_cache_wrap[0].cache_wrap.g_cache.cache.g_banks[3].dfv_bank_ctr  edge_count=219
              109039: DFV_COLLISION_DFV: TOP.rtlsim_shim.vortex.g_clusters[0].cluster.g_sockets[0].socket.dcache.g_cache_wrap[0].cache_wrap.g_cache.cache.g_banks[3].dfv_bank_ctr  edge_count=220
              109099: DFV_COLLISION_DFV: TOP.rtlsim_shim.vortex.g_clusters[0].cluster.g_sockets[0].socket.dcache.g_cache_wrap[0].cache_wrap.g_cache.cache.g_banks[3].dfv_bank_ctr  edge_count=221
              109123: DFV_COLLISION_DFV: TOP.rtlsim_shim.vortex.g_clusters[0].cluster.g_sockets[0].socket.dcache.g_cache_wrap[0].cache_wrap.g_cache.cache.g_banks[3].dfv_bank_ctr  edge_count=222
              109159: DFV_COLLISION_DFV: TOP.rtlsim_shim.vortex.g_clusters[0].cluster.g_sockets[0].socket.dcache.g_cache_wrap[0].cache_wrap.g_cache.cache.g_banks[3].dfv_bank_ctr  edge_count=223
              109179: DFV_COLLISION_DFV: TOP.rtlsim_shim.vortex.g_clusters[0].cluster.g_sockets[0].socket.dcache.g_cache_wrap[0].cache_wrap.g_cache.cache.g_banks[3].dfv_bank_ctr  edge_count=224
              109217: DFV_COLLISION_DFV: TOP.rtlsim_shim.vortex.g_clusters[0].cluster.g_sockets[0].socket.dcache.g_cache_wrap[0].cache_wrap.g_cache.cache.g_banks[3].dfv_bank_ctr  edge_count=225
              109233: DFV_COLLISION_DFV: TOP.rtlsim_shim.vortex.g_clusters[0].cluster.g_sockets[0].socket.dcache.g_cache_wrap[0].cache_wrap.g_cache.cache.g_banks[3].dfv_bank_ctr  edge_count=226
              109243: DFV_COLLISION_DFV: TOP.rtlsim_shim.vortex.g_clusters[0].cluster.g_sockets[0].socket.dcache.g_cache_wrap[0].cache_wrap.g_cache.cache.g_banks[3].dfv_bank_ctr  edge_count=227
              109315: DFV_COLLISION_DFV: TOP.rtlsim_shim.vortex.g_clusters[0].cluster.g_sockets[0].socket.dcache.g_cache_wrap[0].cache_wrap.g_cache.cache.g_banks[3].dfv_bank_ctr  edge_count=228
              109387: DFV_COLLISION_DFV: TOP.rtlsim_shim.vortex.g_clusters[0].cluster.g_sockets[0].socket.dcache.g_cache_wrap[0].cache_wrap.g_cache.cache.g_banks[3].dfv_bank_ctr  edge_count=229
              109607: DFV_COLLISION_DFV: TOP.rtlsim_shim.vortex.g_clusters[0].cluster.g_sockets[0].socket.dcache.g_cache_wrap[0].cache_wrap.g_cache.cache.g_banks[3].dfv_bank_ctr  edge_count=230
              109683: DFV_COLLISION_DFV: TOP.rtlsim_shim.vortex.g_clusters[0].cluster.g_sockets[0].socket.dcache.g_cache_wrap[0].cache_wrap.g_cache.cache.g_banks[3].dfv_bank_ctr  edge_count=231
              109705: DFV_COLLISION_DFV: TOP.rtlsim_shim.vortex.g_clusters[0].cluster.g_sockets[0].socket.dcache.g_cache_wrap[0].cache_wrap.g_cache.cache.g_banks[3].dfv_bank_ctr  edge_count=232
              109761: DFV_COLLISION_DFV: TOP.rtlsim_shim.vortex.g_clusters[0].cluster.g_sockets[0].socket.dcache.g_cache_wrap[0].cache_wrap.g_cache.cache.g_banks[3].dfv_bank_ctr  edge_count=233
              109827: DFV_COLLISION_DFV: TOP.rtlsim_shim.vortex.g_clusters[0].cluster.g_sockets[0].socket.dcache.g_cache_wrap[0].cache_wrap.g_cache.cache.g_banks[3].dfv_bank_ctr  edge_count=234
              109901: DFV_COLLISION_DFV: TOP.rtlsim_shim.vortex.g_clusters[0].cluster.g_sockets[0].socket.dcache.g_cache_wrap[0].cache_wrap.g_cache.cache.g_banks[3].dfv_bank_ctr  edge_count=235
              109967: DFV_COLLISION_DFV: TOP.rtlsim_shim.vortex.g_clusters[0].cluster.g_sockets[0].socket.dcache.g_cache_wrap[0].cache_wrap.g_cache.cache.g_banks[3].dfv_bank_ctr  edge_count=236
              110063: DFV_COLLISION_DFV: TOP.rtlsim_shim.vortex.g_clusters[0].cluster.g_sockets[0].socket.dcache.g_cache_wrap[0].cache_wrap.g_cache.cache.g_banks[3].dfv_bank_ctr  edge_count=237
              110235: DFV_COLLISION_DFV: TOP.rtlsim_shim.vortex.g_clusters[0].cluster.g_sockets[0].socket.dcache.g_cache_wrap[0].cache_wrap.g_cache.cache.g_banks[3].dfv_bank_ctr  edge_count=238
              110283: DFV_COLLISION_DFV: TOP.rtlsim_shim.vortex.g_clusters[0].cluster.g_sockets[0].socket.dcache.g_cache_wrap[0].cache_wrap.g_cache.cache.g_banks[3].dfv_bank_ctr  edge_count=239
              110331: DFV_COLLISION_DFV: TOP.rtlsim_shim.vortex.g_clusters[0].cluster.g_sockets[0].socket.dcache.g_cache_wrap[0].cache_wrap.g_cache.cache.g_banks[3].dfv_bank_ctr  edge_count=240
              110539: DFV_COLLISION_DFV: TOP.rtlsim_shim.vortex.g_clusters[0].cluster.g_sockets[0].socket.dcache.g_cache_wrap[0].cache_wrap.g_cache.cache.g_banks[3].dfv_bank_ctr  edge_count=241
              110593: DFV_COLLISION_DFV: TOP.rtlsim_shim.vortex.g_clusters[0].cluster.g_sockets[0].socket.dcache.g_cache_wrap[0].cache_wrap.g_cache.cache.g_banks[3].dfv_bank_ctr  edge_count=242
              110605: DFV_COLLISION_DFV: TOP.rtlsim_shim.vortex.g_clusters[0].cluster.g_sockets[0].socket.dcache.g_cache_wrap[0].cache_wrap.g_cache.cache.g_banks[3].dfv_bank_ctr  edge_count=243
              110643: DFV_COLLISION_DFV: TOP.rtlsim_shim.vortex.g_clusters[0].cluster.g_sockets[0].socket.dcache.g_cache_wrap[0].cache_wrap.g_cache.cache.g_banks[3].dfv_bank_ctr  edge_count=244
              110755: DFV_COLLISION_DFV: TOP.rtlsim_shim.vortex.g_clusters[0].cluster.g_sockets[0].socket.dcache.g_cache_wrap[0].cache_wrap.g_cache.cache.g_banks[3].dfv_bank_ctr  edge_count=245
              110797: DFV_COLLISION_DFV: TOP.rtlsim_shim.vortex.g_clusters[0].cluster.g_sockets[0].socket.dcache.g_cache_wrap[0].cache_wrap.g_cache.cache.g_banks[3].dfv_bank_ctr  edge_count=246
              110807: DFV_COLLISION_DFV: TOP.rtlsim_shim.vortex.g_clusters[0].cluster.g_sockets[0].socket.dcache.g_cache_wrap[0].cache_wrap.g_cache.cache.g_banks[3].dfv_bank_ctr  edge_count=247
              110881: DFV_COLLISION_DFV: TOP.rtlsim_shim.vortex.g_clusters[0].cluster.g_sockets[0].socket.dcache.g_cache_wrap[0].cache_wrap.g_cache.cache.g_banks[3].dfv_bank_ctr  edge_count=248
              110981: DFV_COLLISION_DFV: TOP.rtlsim_shim.vortex.g_clusters[0].cluster.g_sockets[0].socket.dcache.g_cache_wrap[0].cache_wrap.g_cache.cache.g_banks[3].dfv_bank_ctr  edge_count=249
              111101: DFV_COLLISION_DFV: TOP.rtlsim_shim.vortex.g_clusters[0].cluster.g_sockets[0].socket.dcache.g_cache_wrap[0].cache_wrap.g_cache.cache.g_banks[3].dfv_bank_ctr  edge_count=250
              111161: DFV_COLLISION_DFV: TOP.rtlsim_shim.vortex.g_clusters[0].cluster.g_sockets[0].socket.dcache.g_cache_wrap[0].cache_wrap.g_cache.cache.g_banks[3].dfv_bank_ctr  edge_count=251
              111261: DFV_COLLISION_DFV: TOP.rtlsim_shim.vortex.g_clusters[0].cluster.g_sockets[0].socket.dcache.g_cache_wrap[0].cache_wrap.g_cache.cache.g_banks[3].dfv_bank_ctr  edge_count=252
              111317: DFV_COLLISION_DFV: TOP.rtlsim_shim.vortex.g_clusters[0].cluster.g_sockets[0].socket.dcache.g_cache_wrap[0].cache_wrap.g_cache.cache.g_banks[3].dfv_bank_ctr  edge_count=253
              111385: DFV_COLLISION_DFV: TOP.rtlsim_shim.vortex.g_clusters[0].cluster.g_sockets[0].socket.dcache.g_cache_wrap[0].cache_wrap.g_cache.cache.g_banks[3].dfv_bank_ctr  edge_count=254
              111471: DFV_COLLISION_DFV: TOP.rtlsim_shim.vortex.g_clusters[0].cluster.g_sockets[0].socket.dcache.g_cache_wrap[0].cache_wrap.g_cache.cache.g_banks[3].dfv_bank_ctr  edge_count=255
              111583: DFV_COLLISION_DFV: TOP.rtlsim_shim.vortex.g_clusters[0].cluster.g_sockets[0].socket.dcache.g_cache_wrap[0].cache_wrap.g_cache.cache.g_banks[3].dfv_bank_ctr  edge_count=256
              111625: DFV_COLLISION_DFV: TOP.rtlsim_shim.vortex.g_clusters[0].cluster.g_sockets[0].socket.dcache.g_cache_wrap[0].cache_wrap.g_cache.cache.g_banks[3].dfv_bank_ctr  edge_count=257
              111759: DFV_COLLISION_DFV: TOP.rtlsim_shim.vortex.g_clusters[0].cluster.g_sockets[0].socket.dcache.g_cache_wrap[0].cache_wrap.g_cache.cache.g_banks[3].dfv_bank_ctr  edge_count=258
              111777: DFV_COLLISION_DFV: TOP.rtlsim_shim.vortex.g_clusters[0].cluster.g_sockets[0].socket.dcache.g_cache_wrap[0].cache_wrap.g_cache.cache.g_banks[3].dfv_bank_ctr  edge_count=259
              111815: DFV_COLLISION_DFV: TOP.rtlsim_shim.vortex.g_clusters[0].cluster.g_sockets[0].socket.dcache.g_cache_wrap[0].cache_wrap.g_cache.cache.g_banks[3].dfv_bank_ctr  edge_count=260
              111873: DFV_COLLISION_DFV: TOP.rtlsim_shim.vortex.g_clusters[0].cluster.g_sockets[0].socket.dcache.g_cache_wrap[0].cache_wrap.g_cache.cache.g_banks[3].dfv_bank_ctr  edge_count=261
              111917: DFV_COLLISION_DFV: TOP.rtlsim_shim.vortex.g_clusters[0].cluster.g_sockets[0].socket.dcache.g_cache_wrap[0].cache_wrap.g_cache.cache.g_banks[3].dfv_bank_ctr  edge_count=262
              111971: DFV_COLLISION_DFV: TOP.rtlsim_shim.vortex.g_clusters[0].cluster.g_sockets[0].socket.dcache.g_cache_wrap[0].cache_wrap.g_cache.cache.g_banks[3].dfv_bank_ctr  edge_count=263
              111985: DFV_COLLISION_DFV: TOP.rtlsim_shim.vortex.g_clusters[0].cluster.g_sockets[0].socket.dcache.g_cache_wrap[0].cache_wrap.g_cache.cache.g_banks[3].dfv_bank_ctr  edge_count=264
              112211: DFV_COLLISION_DFV: TOP.rtlsim_shim.vortex.g_clusters[0].cluster.g_sockets[0].socket.dcache.g_cache_wrap[0].cache_wrap.g_cache.cache.g_banks[3].dfv_bank_ctr  edge_count=265
              112277: DFV_COLLISION_DFV: TOP.rtlsim_shim.vortex.g_clusters[0].cluster.g_sockets[0].socket.dcache.g_cache_wrap[0].cache_wrap.g_cache.cache.g_banks[3].dfv_bank_ctr  edge_count=266
              112365: DFV_COLLISION_DFV: TOP.rtlsim_shim.vortex.g_clusters[0].cluster.g_sockets[0].socket.dcache.g_cache_wrap[0].cache_wrap.g_cache.cache.g_banks[3].dfv_bank_ctr  edge_count=267
              112409: DFV_COLLISION_DFV: TOP.rtlsim_shim.vortex.g_clusters[0].cluster.g_sockets[0].socket.dcache.g_cache_wrap[0].cache_wrap.g_cache.cache.g_banks[3].dfv_bank_ctr  edge_count=268
              112465: DFV_COLLISION_DFV: TOP.rtlsim_shim.vortex.g_clusters[0].cluster.g_sockets[0].socket.dcache.g_cache_wrap[0].cache_wrap.g_cache.cache.g_banks[3].dfv_bank_ctr  edge_count=269
              112485: DFV_COLLISION_DFV: TOP.rtlsim_shim.vortex.g_clusters[0].cluster.g_sockets[0].socket.dcache.g_cache_wrap[0].cache_wrap.g_cache.cache.g_banks[3].dfv_bank_ctr  edge_count=270
              112501: DFV_COLLISION_DFV: TOP.rtlsim_shim.vortex.g_clusters[0].cluster.g_sockets[0].socket.dcache.g_cache_wrap[0].cache_wrap.g_cache.cache.g_banks[3].dfv_bank_ctr  edge_count=271
              112519: DFV_COLLISION_DFV: TOP.rtlsim_shim.vortex.g_clusters[0].cluster.g_sockets[0].socket.dcache.g_cache_wrap[0].cache_wrap.g_cache.cache.g_banks[3].dfv_bank_ctr  edge_count=272
              112559: DFV_COLLISION_DFV: TOP.rtlsim_shim.vortex.g_clusters[0].cluster.g_sockets[0].socket.dcache.g_cache_wrap[0].cache_wrap.g_cache.cache.g_banks[3].dfv_bank_ctr  edge_count=273
              112695: DFV_COLLISION_DFV: TOP.rtlsim_shim.vortex.g_clusters[0].cluster.g_sockets[0].socket.dcache.g_cache_wrap[0].cache_wrap.g_cache.cache.g_banks[3].dfv_bank_ctr  edge_count=274
              112763: DFV_COLLISION_DFV: TOP.rtlsim_shim.vortex.g_clusters[0].cluster.g_sockets[0].socket.dcache.g_cache_wrap[0].cache_wrap.g_cache.cache.g_banks[3].dfv_bank_ctr  edge_count=275
              112789: DFV_COLLISION_DFV: TOP.rtlsim_shim.vortex.g_clusters[0].cluster.g_sockets[0].socket.dcache.g_cache_wrap[0].cache_wrap.g_cache.cache.g_banks[3].dfv_bank_ctr  edge_count=276
              112835: DFV_COLLISION_DFV: TOP.rtlsim_shim.vortex.g_clusters[0].cluster.g_sockets[0].socket.dcache.g_cache_wrap[0].cache_wrap.g_cache.cache.g_banks[3].dfv_bank_ctr  edge_count=277
              112869: DFV_COLLISION_DFV: TOP.rtlsim_shim.vortex.g_clusters[0].cluster.g_sockets[0].socket.dcache.g_cache_wrap[0].cache_wrap.g_cache.cache.g_banks[3].dfv_bank_ctr  edge_count=278
              112909: DFV_COLLISION_DFV: TOP.rtlsim_shim.vortex.g_clusters[0].cluster.g_sockets[0].socket.dcache.g_cache_wrap[0].cache_wrap.g_cache.cache.g_banks[3].dfv_bank_ctr  edge_count=279
              112953: DFV_COLLISION_DFV: TOP.rtlsim_shim.vortex.g_clusters[0].cluster.g_sockets[0].socket.dcache.g_cache_wrap[0].cache_wrap.g_cache.cache.g_banks[3].dfv_bank_ctr  edge_count=280
              112985: DFV_COLLISION_DFV: TOP.rtlsim_shim.vortex.g_clusters[0].cluster.g_sockets[0].socket.dcache.g_cache_wrap[0].cache_wrap.g_cache.cache.g_banks[3].dfv_bank_ctr  edge_count=281
              113039: DFV_COLLISION_DFV: TOP.rtlsim_shim.vortex.g_clusters[0].cluster.g_sockets[0].socket.dcache.g_cache_wrap[0].cache_wrap.g_cache.cache.g_banks[3].dfv_bank_ctr  edge_count=282
              113051: DFV_COLLISION_DFV: TOP.rtlsim_shim.vortex.g_clusters[0].cluster.g_sockets[0].socket.dcache.g_cache_wrap[0].cache_wrap.g_cache.cache.g_banks[3].dfv_bank_ctr  edge_count=283
              113095: DFV_COLLISION_DFV: TOP.rtlsim_shim.vortex.g_clusters[0].cluster.g_sockets[0].socket.dcache.g_cache_wrap[0].cache_wrap.g_cache.cache.g_banks[3].dfv_bank_ctr  edge_count=284
              113347: DFV_COLLISION_DFV: TOP.rtlsim_shim.vortex.g_clusters[0].cluster.g_sockets[0].socket.dcache.g_cache_wrap[0].cache_wrap.g_cache.cache.g_banks[3].dfv_bank_ctr  edge_count=285
              113381: DFV_COLLISION_DFV: TOP.rtlsim_shim.vortex.g_clusters[0].cluster.g_sockets[0].socket.dcache.g_cache_wrap[0].cache_wrap.g_cache.cache.g_banks[3].dfv_bank_ctr  edge_count=286
              113401: DFV_COLLISION_DFV: TOP.rtlsim_shim.vortex.g_clusters[0].cluster.g_sockets[0].socket.dcache.g_cache_wrap[0].cache_wrap.g_cache.cache.g_banks[3].dfv_bank_ctr  edge_count=287
              113427: DFV_COLLISION_DFV: TOP.rtlsim_shim.vortex.g_clusters[0].cluster.g_sockets[0].socket.dcache.g_cache_wrap[0].cache_wrap.g_cache.cache.g_banks[3].dfv_bank_ctr  edge_count=288
              113481: DFV_COLLISION_DFV: TOP.rtlsim_shim.vortex.g_clusters[0].cluster.g_sockets[0].socket.dcache.g_cache_wrap[0].cache_wrap.g_cache.cache.g_banks[3].dfv_bank_ctr  edge_count=289
              113515: DFV_COLLISION_DFV: TOP.rtlsim_shim.vortex.g_clusters[0].cluster.g_sockets[0].socket.dcache.g_cache_wrap[0].cache_wrap.g_cache.cache.g_banks[3].dfv_bank_ctr  edge_count=290
              113529: DFV_COLLISION_DFV: TOP.rtlsim_shim.vortex.g_clusters[0].cluster.g_sockets[0].socket.dcache.g_cache_wrap[0].cache_wrap.g_cache.cache.g_banks[3].dfv_bank_ctr  edge_count=291
              113575: DFV_COLLISION_DFV: TOP.rtlsim_shim.vortex.g_clusters[0].cluster.g_sockets[0].socket.dcache.g_cache_wrap[0].cache_wrap.g_cache.cache.g_banks[3].dfv_bank_ctr  edge_count=292
              113585: DFV_COLLISION_DFV: TOP.rtlsim_shim.vortex.g_clusters[0].cluster.g_sockets[0].socket.dcache.g_cache_wrap[0].cache_wrap.g_cache.cache.g_banks[3].dfv_bank_ctr  edge_count=293
              113595: DFV_COLLISION_DFV: TOP.rtlsim_shim.vortex.g_clusters[0].cluster.g_sockets[0].socket.dcache.g_cache_wrap[0].cache_wrap.g_cache.cache.g_banks[3].dfv_bank_ctr  edge_count=294
              113633: DFV_COLLISION_DFV: TOP.rtlsim_shim.vortex.g_clusters[0].cluster.g_sockets[0].socket.dcache.g_cache_wrap[0].cache_wrap.g_cache.cache.g_banks[3].dfv_bank_ctr  edge_count=295
              113643: DFV_COLLISION_DFV: TOP.rtlsim_shim.vortex.g_clusters[0].cluster.g_sockets[0].socket.dcache.g_cache_wrap[0].cache_wrap.g_cache.cache.g_banks[3].dfv_bank_ctr  edge_count=296
              113701: DFV_COLLISION_DFV: TOP.rtlsim_shim.vortex.g_clusters[0].cluster.g_sockets[0].socket.dcache.g_cache_wrap[0].cache_wrap.g_cache.cache.g_banks[3].dfv_bank_ctr  edge_count=297
              113743: DFV_COLLISION_DFV: TOP.rtlsim_shim.vortex.g_clusters[0].cluster.g_sockets[0].socket.dcache.g_cache_wrap[0].cache_wrap.g_cache.cache.g_banks[3].dfv_bank_ctr  edge_count=298
              114007: DFV_COLLISION_DFV: TOP.rtlsim_shim.vortex.g_clusters[0].cluster.g_sockets[0].socket.dcache.g_cache_wrap[0].cache_wrap.g_cache.cache.g_banks[3].dfv_bank_ctr  edge_count=299
              114063: DFV_COLLISION_DFV: TOP.rtlsim_shim.vortex.g_clusters[0].cluster.g_sockets[0].socket.dcache.g_cache_wrap[0].cache_wrap.g_cache.cache.g_banks[3].dfv_bank_ctr  edge_count=300
              114129: DFV_COLLISION_DFV: TOP.rtlsim_shim.vortex.g_clusters[0].cluster.g_sockets[0].socket.dcache.g_cache_wrap[0].cache_wrap.g_cache.cache.g_banks[3].dfv_bank_ctr  edge_count=301
              114163: DFV_COLLISION_DFV: TOP.rtlsim_shim.vortex.g_clusters[0].cluster.g_sockets[0].socket.dcache.g_cache_wrap[0].cache_wrap.g_cache.cache.g_banks[3].dfv_bank_ctr  edge_count=302
              114221: DFV_COLLISION_DFV: TOP.rtlsim_shim.vortex.g_clusters[0].cluster.g_sockets[0].socket.dcache.g_cache_wrap[0].cache_wrap.g_cache.cache.g_banks[3].dfv_bank_ctr  edge_count=303
              114267: DFV_COLLISION_DFV: TOP.rtlsim_shim.vortex.g_clusters[0].cluster.g_sockets[0].socket.dcache.g_cache_wrap[0].cache_wrap.g_cache.cache.g_banks[3].dfv_bank_ctr  edge_count=304
              114301: DFV_COLLISION_DFV: TOP.rtlsim_shim.vortex.g_clusters[0].cluster.g_sockets[0].socket.dcache.g_cache_wrap[0].cache_wrap.g_cache.cache.g_banks[3].dfv_bank_ctr  edge_count=305
              114359: DFV_COLLISION_DFV: TOP.rtlsim_shim.vortex.g_clusters[0].cluster.g_sockets[0].socket.dcache.g_cache_wrap[0].cache_wrap.g_cache.cache.g_banks[3].dfv_bank_ctr  edge_count=306
              114397: DFV_COLLISION_DFV: TOP.rtlsim_shim.vortex.g_clusters[0].cluster.g_sockets[0].socket.dcache.g_cache_wrap[0].cache_wrap.g_cache.cache.g_banks[3].dfv_bank_ctr  edge_count=307
              114407: DFV_COLLISION_DFV: TOP.rtlsim_shim.vortex.g_clusters[0].cluster.g_sockets[0].socket.dcache.g_cache_wrap[0].cache_wrap.g_cache.cache.g_banks[3].dfv_bank_ctr  edge_count=308
              114419: DFV_COLLISION_DFV: TOP.rtlsim_shim.vortex.g_clusters[0].cluster.g_sockets[0].socket.dcache.g_cache_wrap[0].cache_wrap.g_cache.cache.g_banks[3].dfv_bank_ctr  edge_count=309
              114455: DFV_COLLISION_DFV: TOP.rtlsim_shim.vortex.g_clusters[0].cluster.g_sockets[0].socket.dcache.g_cache_wrap[0].cache_wrap.g_cache.cache.g_banks[3].dfv_bank_ctr  edge_count=310
              114483: DFV_COLLISION_DFV: TOP.rtlsim_shim.vortex.g_clusters[0].cluster.g_sockets[0].socket.dcache.g_cache_wrap[0].cache_wrap.g_cache.cache.g_banks[3].dfv_bank_ctr  edge_count=311
              114497: DFV_COLLISION_DFV: TOP.rtlsim_shim.vortex.g_clusters[0].cluster.g_sockets[0].socket.dcache.g_cache_wrap[0].cache_wrap.g_cache.cache.g_banks[3].dfv_bank_ctr  edge_count=312
              114511: DFV_COLLISION_DFV: TOP.rtlsim_shim.vortex.g_clusters[0].cluster.g_sockets[0].socket.dcache.g_cache_wrap[0].cache_wrap.g_cache.cache.g_banks[3].dfv_bank_ctr  edge_count=313
              114539: DFV_COLLISION_DFV: TOP.rtlsim_shim.vortex.g_clusters[0].cluster.g_sockets[0].socket.dcache.g_cache_wrap[0].cache_wrap.g_cache.cache.g_banks[3].dfv_bank_ctr  edge_count=314
              114591: DFV_COLLISION_DFV: TOP.rtlsim_shim.vortex.g_clusters[0].cluster.g_sockets[0].socket.dcache.g_cache_wrap[0].cache_wrap.g_cache.cache.g_banks[3].dfv_bank_ctr  edge_count=315
              114703: DFV_COLLISION_DFV: TOP.rtlsim_shim.vortex.g_clusters[0].cluster.g_sockets[0].socket.dcache.g_cache_wrap[0].cache_wrap.g_cache.cache.g_banks[3].dfv_bank_ctr  edge_count=316
              114867: DFV_COLLISION_DFV: TOP.rtlsim_shim.vortex.g_clusters[0].cluster.g_sockets[0].socket.dcache.g_cache_wrap[0].cache_wrap.g_cache.cache.g_banks[2].dfv_bank_ctr  edge_count=73
              114927: DFV_COLLISION_DFV: TOP.rtlsim_shim.vortex.g_clusters[0].cluster.g_sockets[0].socket.dcache.g_cache_wrap[0].cache_wrap.g_cache.cache.g_banks[2].dfv_bank_ctr  edge_count=74
              114949: DFV_COLLISION_DFV: TOP.rtlsim_shim.vortex.g_clusters[0].cluster.g_sockets[0].socket.dcache.g_cache_wrap[0].cache_wrap.g_cache.cache.g_banks[2].dfv_bank_ctr  edge_count=75
              115045: DFV_COLLISION_DFV: TOP.rtlsim_shim.vortex.g_clusters[0].cluster.g_sockets[0].socket.dcache.g_cache_wrap[0].cache_wrap.g_cache.cache.g_banks[2].dfv_bank_ctr  edge_count=76
              115087: DFV_COLLISION_DFV: TOP.rtlsim_shim.vortex.g_clusters[0].cluster.g_sockets[0].socket.dcache.g_cache_wrap[0].cache_wrap.g_cache.cache.g_banks[2].dfv_bank_ctr  edge_count=77
              115131: DFV_COLLISION_DFV: TOP.rtlsim_shim.vortex.g_clusters[0].cluster.g_sockets[0].socket.dcache.g_cache_wrap[0].cache_wrap.g_cache.cache.g_banks[2].dfv_bank_ctr  edge_count=78
              115147: DFV_COLLISION_DFV: TOP.rtlsim_shim.vortex.g_clusters[0].cluster.g_sockets[0].socket.dcache.g_cache_wrap[0].cache_wrap.g_cache.cache.g_banks[2].dfv_bank_ctr  edge_count=79
              115211: DFV_COLLISION_DFV: TOP.rtlsim_shim.vortex.g_clusters[0].cluster.g_sockets[0].socket.dcache.g_cache_wrap[0].cache_wrap.g_cache.cache.g_banks[2].dfv_bank_ctr  edge_count=80
              115311: DFV_COLLISION_DFV: TOP.rtlsim_shim.vortex.g_clusters[0].cluster.g_sockets[0].socket.dcache.g_cache_wrap[0].cache_wrap.g_cache.cache.g_banks[2].dfv_bank_ctr  edge_count=81
              115781: DFV_COLLISION_DFV: TOP.rtlsim_shim.vortex.g_clusters[0].cluster.g_sockets[0].socket.dcache.g_cache_wrap[0].cache_wrap.g_cache.cache.g_banks[2].dfv_bank_ctr  edge_count=82
              115923: DFV_COLLISION_DFV: TOP.rtlsim_shim.vortex.g_clusters[0].cluster.g_sockets[0].socket.dcache.g_cache_wrap[0].cache_wrap.g_cache.cache.g_banks[2].dfv_bank_ctr  edge_count=83
              115953: DFV_COLLISION_DFV: TOP.rtlsim_shim.vortex.g_clusters[0].cluster.g_sockets[0].socket.dcache.g_cache_wrap[0].cache_wrap.g_cache.cache.g_banks[2].dfv_bank_ctr  edge_count=84
              116011: DFV_COLLISION_DFV: TOP.rtlsim_shim.vortex.g_clusters[0].cluster.g_sockets[0].socket.dcache.g_cache_wrap[0].cache_wrap.g_cache.cache.g_banks[2].dfv_bank_ctr  edge_count=85
              116079: DFV_COLLISION_DFV: TOP.rtlsim_shim.vortex.g_clusters[0].cluster.g_sockets[0].socket.dcache.g_cache_wrap[0].cache_wrap.g_cache.cache.g_banks[2].dfv_bank_ctr  edge_count=86
              116101: DFV_COLLISION_DFV: TOP.rtlsim_shim.vortex.g_clusters[0].cluster.g_sockets[0].socket.dcache.g_cache_wrap[0].cache_wrap.g_cache.cache.g_banks[2].dfv_bank_ctr  edge_count=87
              116127: DFV_COLLISION_DFV: TOP.rtlsim_shim.vortex.g_clusters[0].cluster.g_sockets[0].socket.dcache.g_cache_wrap[0].cache_wrap.g_cache.cache.g_banks[2].dfv_bank_ctr  edge_count=88
              116191: DFV_COLLISION_DFV: TOP.rtlsim_shim.vortex.g_clusters[0].cluster.g_sockets[0].socket.dcache.g_cache_wrap[0].cache_wrap.g_cache.cache.g_banks[2].dfv_bank_ctr  edge_count=89
              116247: DFV_COLLISION_DFV: TOP.rtlsim_shim.vortex.g_clusters[0].cluster.g_sockets[0].socket.dcache.g_cache_wrap[0].cache_wrap.g_cache.cache.g_banks[2].dfv_bank_ctr  edge_count=90
              116277: DFV_COLLISION_DFV: TOP.rtlsim_shim.vortex.g_clusters[0].cluster.g_sockets[0].socket.dcache.g_cache_wrap[0].cache_wrap.g_cache.cache.g_banks[2].dfv_bank_ctr  edge_count=91
              116417: DFV_COLLISION_DFV: TOP.rtlsim_shim.vortex.g_clusters[0].cluster.g_sockets[0].socket.dcache.g_cache_wrap[0].cache_wrap.g_cache.cache.g_banks[2].dfv_bank_ctr  edge_count=92
              116567: DFV_COLLISION_DFV: TOP.rtlsim_shim.vortex.g_clusters[0].cluster.g_sockets[0].socket.dcache.g_cache_wrap[0].cache_wrap.g_cache.cache.g_banks[2].dfv_bank_ctr  edge_count=93
              116603: DFV_COLLISION_DFV: TOP.rtlsim_shim.vortex.g_clusters[0].cluster.g_sockets[0].socket.dcache.g_cache_wrap[0].cache_wrap.g_cache.cache.g_banks[2].dfv_bank_ctr  edge_count=94
              116691: DFV_COLLISION_DFV: TOP.rtlsim_shim.vortex.g_clusters[0].cluster.g_sockets[0].socket.dcache.g_cache_wrap[0].cache_wrap.g_cache.cache.g_banks[2].dfv_bank_ctr  edge_count=95
              116715: DFV_COLLISION_DFV: TOP.rtlsim_shim.vortex.g_clusters[0].cluster.g_sockets[0].socket.dcache.g_cache_wrap[0].cache_wrap.g_cache.cache.g_banks[2].dfv_bank_ctr  edge_count=96
              116733: DFV_COLLISION_DFV: TOP.rtlsim_shim.vortex.g_clusters[0].cluster.g_sockets[0].socket.dcache.g_cache_wrap[0].cache_wrap.g_cache.cache.g_banks[2].dfv_bank_ctr  edge_count=97
              116743: DFV_COLLISION_DFV: TOP.rtlsim_shim.vortex.g_clusters[0].cluster.g_sockets[0].socket.dcache.g_cache_wrap[0].cache_wrap.g_cache.cache.g_banks[2].dfv_bank_ctr  edge_count=98
              116791: DFV_COLLISION_DFV: TOP.rtlsim_shim.vortex.g_clusters[0].cluster.g_sockets[0].socket.dcache.g_cache_wrap[0].cache_wrap.g_cache.cache.g_banks[2].dfv_bank_ctr  edge_count=99
              116807: DFV_COLLISION_DFV: TOP.rtlsim_shim.vortex.g_clusters[0].cluster.g_sockets[0].socket.dcache.g_cache_wrap[0].cache_wrap.g_cache.cache.g_banks[2].dfv_bank_ctr  edge_count=100
              116887: DFV_COLLISION_DFV: TOP.rtlsim_shim.vortex.g_clusters[0].cluster.g_sockets[0].socket.dcache.g_cache_wrap[0].cache_wrap.g_cache.cache.g_banks[2].dfv_bank_ctr  edge_count=101
              116943: DFV_COLLISION_DFV: TOP.rtlsim_shim.vortex.g_clusters[0].cluster.g_sockets[0].socket.dcache.g_cache_wrap[0].cache_wrap.g_cache.cache.g_banks[2].dfv_bank_ctr  edge_count=102
              116999: DFV_COLLISION_DFV: TOP.rtlsim_shim.vortex.g_clusters[0].cluster.g_sockets[0].socket.dcache.g_cache_wrap[0].cache_wrap.g_cache.cache.g_banks[2].dfv_bank_ctr  edge_count=103
              117065: DFV_COLLISION_DFV: TOP.rtlsim_shim.vortex.g_clusters[0].cluster.g_sockets[0].socket.dcache.g_cache_wrap[0].cache_wrap.g_cache.cache.g_banks[2].dfv_bank_ctr  edge_count=104
              117123: DFV_COLLISION_DFV: TOP.rtlsim_shim.vortex.g_clusters[0].cluster.g_sockets[0].socket.dcache.g_cache_wrap[0].cache_wrap.g_cache.cache.g_banks[2].dfv_bank_ctr  edge_count=105
              117183: DFV_COLLISION_DFV: TOP.rtlsim_shim.vortex.g_clusters[0].cluster.g_sockets[0].socket.dcache.g_cache_wrap[0].cache_wrap.g_cache.cache.g_banks[2].dfv_bank_ctr  edge_count=106
              117209: DFV_COLLISION_DFV: TOP.rtlsim_shim.vortex.g_clusters[0].cluster.g_sockets[0].socket.dcache.g_cache_wrap[0].cache_wrap.g_cache.cache.g_banks[2].dfv_bank_ctr  edge_count=107
              117269: DFV_COLLISION_DFV: TOP.rtlsim_shim.vortex.g_clusters[0].cluster.g_sockets[0].socket.dcache.g_cache_wrap[0].cache_wrap.g_cache.cache.g_banks[2].dfv_bank_ctr  edge_count=108
              117323: DFV_COLLISION_DFV: TOP.rtlsim_shim.vortex.g_clusters[0].cluster.g_sockets[0].socket.dcache.g_cache_wrap[0].cache_wrap.g_cache.cache.g_banks[2].dfv_bank_ctr  edge_count=109
              117337: DFV_COLLISION_DFV: TOP.rtlsim_shim.vortex.g_clusters[0].cluster.g_sockets[0].socket.dcache.g_cache_wrap[0].cache_wrap.g_cache.cache.g_banks[2].dfv_bank_ctr  edge_count=110
              117417: DFV_COLLISION_DFV: TOP.rtlsim_shim.vortex.g_clusters[0].cluster.g_sockets[0].socket.dcache.g_cache_wrap[0].cache_wrap.g_cache.cache.g_banks[2].dfv_bank_ctr  edge_count=111
              117523: DFV_COLLISION_DFV: TOP.rtlsim_shim.vortex.g_clusters[0].cluster.g_sockets[0].socket.dcache.g_cache_wrap[0].cache_wrap.g_cache.cache.g_banks[2].dfv_bank_ctr  edge_count=112
              117571: DFV_COLLISION_DFV: TOP.rtlsim_shim.vortex.g_clusters[0].cluster.g_sockets[0].socket.dcache.g_cache_wrap[0].cache_wrap.g_cache.cache.g_banks[2].dfv_bank_ctr  edge_count=113
              117587: DFV_COLLISION_DFV: TOP.rtlsim_shim.vortex.g_clusters[0].cluster.g_sockets[0].socket.dcache.g_cache_wrap[0].cache_wrap.g_cache.cache.g_banks[2].dfv_bank_ctr  edge_count=114
              117623: DFV_COLLISION_DFV: TOP.rtlsim_shim.vortex.g_clusters[0].cluster.g_sockets[0].socket.dcache.g_cache_wrap[0].cache_wrap.g_cache.cache.g_banks[2].dfv_bank_ctr  edge_count=115
              117653: DFV_COLLISION_DFV: TOP.rtlsim_shim.vortex.g_clusters[0].cluster.g_sockets[0].socket.dcache.g_cache_wrap[0].cache_wrap.g_cache.cache.g_banks[2].dfv_bank_ctr  edge_count=116
              117745: DFV_COLLISION_DFV: TOP.rtlsim_shim.vortex.g_clusters[0].cluster.g_sockets[0].socket.dcache.g_cache_wrap[0].cache_wrap.g_cache.cache.g_banks[2].dfv_bank_ctr  edge_count=117
              117967: DFV_COLLISION_DFV: TOP.rtlsim_shim.vortex.g_clusters[0].cluster.g_sockets[0].socket.dcache.g_cache_wrap[0].cache_wrap.g_cache.cache.g_banks[2].dfv_bank_ctr  edge_count=118
              118033: DFV_COLLISION_DFV: TOP.rtlsim_shim.vortex.g_clusters[0].cluster.g_sockets[0].socket.dcache.g_cache_wrap[0].cache_wrap.g_cache.cache.g_banks[2].dfv_bank_ctr  edge_count=119
              118163: DFV_COLLISION_DFV: TOP.rtlsim_shim.vortex.g_clusters[0].cluster.g_sockets[0].socket.dcache.g_cache_wrap[0].cache_wrap.g_cache.cache.g_banks[2].dfv_bank_ctr  edge_count=120
              118205: DFV_COLLISION_DFV: TOP.rtlsim_shim.vortex.g_clusters[0].cluster.g_sockets[0].socket.dcache.g_cache_wrap[0].cache_wrap.g_cache.cache.g_banks[2].dfv_bank_ctr  edge_count=121
              118227: DFV_COLLISION_DFV: TOP.rtlsim_shim.vortex.g_clusters[0].cluster.g_sockets[0].socket.dcache.g_cache_wrap[0].cache_wrap.g_cache.cache.g_banks[2].dfv_bank_ctr  edge_count=122
              118339: DFV_COLLISION_DFV: TOP.rtlsim_shim.vortex.g_clusters[0].cluster.g_sockets[0].socket.dcache.g_cache_wrap[0].cache_wrap.g_cache.cache.g_banks[2].dfv_bank_ctr  edge_count=123
              118555: DFV_COLLISION_DFV: TOP.rtlsim_shim.vortex.g_clusters[0].cluster.g_sockets[0].socket.dcache.g_cache_wrap[0].cache_wrap.g_cache.cache.g_banks[2].dfv_bank_ctr  edge_count=124
              118581: DFV_COLLISION_DFV: TOP.rtlsim_shim.vortex.g_clusters[0].cluster.g_sockets[0].socket.dcache.g_cache_wrap[0].cache_wrap.g_cache.cache.g_banks[2].dfv_bank_ctr  edge_count=125
              118657: DFV_COLLISION_DFV: TOP.rtlsim_shim.vortex.g_clusters[0].cluster.g_sockets[0].socket.dcache.g_cache_wrap[0].cache_wrap.g_cache.cache.g_banks[2].dfv_bank_ctr  edge_count=126
              118699: DFV_COLLISION_DFV: TOP.rtlsim_shim.vortex.g_clusters[0].cluster.g_sockets[0].socket.dcache.g_cache_wrap[0].cache_wrap.g_cache.cache.g_banks[2].dfv_bank_ctr  edge_count=127
              118845: DFV_COLLISION_DFV: TOP.rtlsim_shim.vortex.g_clusters[0].cluster.g_sockets[0].socket.dcache.g_cache_wrap[0].cache_wrap.g_cache.cache.g_banks[2].dfv_bank_ctr  edge_count=128
              118937: DFV_COLLISION_DFV: TOP.rtlsim_shim.vortex.g_clusters[0].cluster.g_sockets[0].socket.dcache.g_cache_wrap[0].cache_wrap.g_cache.cache.g_banks[2].dfv_bank_ctr  edge_count=129
              118967: DFV_COLLISION_DFV: TOP.rtlsim_shim.vortex.g_clusters[0].cluster.g_sockets[0].socket.dcache.g_cache_wrap[0].cache_wrap.g_cache.cache.g_banks[2].dfv_bank_ctr  edge_count=130
              118991: DFV_COLLISION_DFV: TOP.rtlsim_shim.vortex.g_clusters[0].cluster.g_sockets[0].socket.dcache.g_cache_wrap[0].cache_wrap.g_cache.cache.g_banks[2].dfv_bank_ctr  edge_count=131
              119073: DFV_COLLISION_DFV: TOP.rtlsim_shim.vortex.g_clusters[0].cluster.g_sockets[0].socket.dcache.g_cache_wrap[0].cache_wrap.g_cache.cache.g_banks[2].dfv_bank_ctr  edge_count=132
              119161: DFV_COLLISION_DFV: TOP.rtlsim_shim.vortex.g_clusters[0].cluster.g_sockets[0].socket.dcache.g_cache_wrap[0].cache_wrap.g_cache.cache.g_banks[2].dfv_bank_ctr  edge_count=133
              119179: DFV_COLLISION_DFV: TOP.rtlsim_shim.vortex.g_clusters[0].cluster.g_sockets[0].socket.dcache.g_cache_wrap[0].cache_wrap.g_cache.cache.g_banks[2].dfv_bank_ctr  edge_count=134
              119373: DFV_COLLISION_DFV: TOP.rtlsim_shim.vortex.g_clusters[0].cluster.g_sockets[0].socket.dcache.g_cache_wrap[0].cache_wrap.g_cache.cache.g_banks[2].dfv_bank_ctr  edge_count=135
              119465: DFV_COLLISION_DFV: TOP.rtlsim_shim.vortex.g_clusters[0].cluster.g_sockets[0].socket.dcache.g_cache_wrap[0].cache_wrap.g_cache.cache.g_banks[2].dfv_bank_ctr  edge_count=136
              119495: DFV_COLLISION_DFV: TOP.rtlsim_shim.vortex.g_clusters[0].cluster.g_sockets[0].socket.dcache.g_cache_wrap[0].cache_wrap.g_cache.cache.g_banks[2].dfv_bank_ctr  edge_count=137
              119515: DFV_COLLISION_DFV: TOP.rtlsim_shim.vortex.g_clusters[0].cluster.g_sockets[0].socket.dcache.g_cache_wrap[0].cache_wrap.g_cache.cache.g_banks[2].dfv_bank_ctr  edge_count=138
              119543: DFV_COLLISION_DFV: TOP.rtlsim_shim.vortex.g_clusters[0].cluster.g_sockets[0].socket.dcache.g_cache_wrap[0].cache_wrap.g_cache.cache.g_banks[2].dfv_bank_ctr  edge_count=139
              119581: DFV_COLLISION_DFV: TOP.rtlsim_shim.vortex.g_clusters[0].cluster.g_sockets[0].socket.dcache.g_cache_wrap[0].cache_wrap.g_cache.cache.g_banks[2].dfv_bank_ctr  edge_count=140
              119875: DFV_COLLISION_DFV: TOP.rtlsim_shim.vortex.g_clusters[0].cluster.g_sockets[0].socket.dcache.g_cache_wrap[0].cache_wrap.g_cache.cache.g_banks[2].dfv_bank_ctr  edge_count=141
              119921: DFV_COLLISION_DFV: TOP.rtlsim_shim.vortex.g_clusters[0].cluster.g_sockets[0].socket.dcache.g_cache_wrap[0].cache_wrap.g_cache.cache.g_banks[2].dfv_bank_ctr  edge_count=142
              119941: DFV_COLLISION_DFV: TOP.rtlsim_shim.vortex.g_clusters[0].cluster.g_sockets[0].socket.dcache.g_cache_wrap[0].cache_wrap.g_cache.cache.g_banks[2].dfv_bank_ctr  edge_count=143
              119981: DFV_COLLISION_DFV: TOP.rtlsim_shim.vortex.g_clusters[0].cluster.g_sockets[0].socket.dcache.g_cache_wrap[0].cache_wrap.g_cache.cache.g_banks[2].dfv_bank_ctr  edge_count=144
              120067: DFV_COLLISION_DFV: TOP.rtlsim_shim.vortex.g_clusters[0].cluster.g_sockets[0].socket.dcache.g_cache_wrap[0].cache_wrap.g_cache.cache.g_banks[2].dfv_bank_ctr  edge_count=145
120076: [sim] running... (60000 cycles)
123158: [sim] idle after 61541 cycles
125158: [sim] drained 1000 cycles
download destination buffer
verify result
cleanup
PERF: instrs=31400, cycles=60915, IPC=0.515472
PASSED!
make: Leaving directory '/home/miggleliu/Documents/vortex_DFV/vortex_DFV/build/tests/regression/dropout'

COLLISION: dfv_bank0=10
COLLISION: dfv_bank1=4
COLLISION: dfv_bank2=145
COLLISION: dfv_bank3=316
COLLISION: dfv_l1_arb=1
COLLISION: natural_bank3=4
