Running: make -C ./ci/../runtime/rtlsim > /dev/null
Running: OPTS="-n4 -d" make -C "./ci/../tests/regression/madmax" run-rtlsim
make: Entering directory '/home/miggleliu/Documents/vortex_DFV/vortex_DFV/build/tests/regression/madmax'
/home/miggleliu/tools/llvm-vortex/bin/clang++ --sysroot=/home/miggleliu/tools/riscv64-gnu-toolchain/riscv64-unknown-elf --gcc-toolchain=/home/miggleliu/tools/riscv64-gnu-toolchain -Xclang -target-feature -Xclang +vortex -Xclang -target-feature -Xclang +zicond -mllvm -disable-loop-idiom-all  -march=rv64imafd -mabi=lp64d -O3 -mcmodel=medany -fno-rtti -fno-exceptions -nostartfiles -nostdlib -fdata-sections -ffunction-sections -I/home/miggleliu/Documents/vortex_DFV/vortex_DFV/kernel/include -I/home/miggleliu/Documents/vortex_DFV/vortex_DFV/build/hw -I/home/miggleliu/Documents/vortex_DFV/vortex_DFV/sim/common -DXLEN_64 -DNDEBUG  /home/miggleliu/Documents/vortex_DFV/vortex_DFV/tests/regression/madmax/kernel.cpp -Wl,-Bstatic,--gc-sections,-T,/home/miggleliu/Documents/vortex_DFV/vortex_DFV/kernel/scripts/link64.ld,--defsym=STARTUP_ADDR=0x180000000 /home/miggleliu/Documents/vortex_DFV/vortex_DFV/build/kernel/libvortex.a -L/home/miggleliu/tools/libc64/lib -lm -lc /home/miggleliu/tools/libcrt64/lib/baremetal/libclang_rt.builtins-riscv64.a -o kernel.elf
OBJCOPY=/home/miggleliu/tools/llvm-vortex/bin/llvm-objcopy /home/miggleliu/Documents/vortex_DFV/vortex_DFV/kernel/scripts/vxbin.py kernel.elf kernel.vxbin
LD_LIBRARY_PATH=/home/miggleliu/Documents/vortex_DFV/vortex_DFV/build/runtime: VORTEX_DRIVER=rtlsim ./madmax -n4 -d
open device connection
CONFIGS: num_threads=32, num_warps=4, num_cores=1, num_clusters=1, socket_size=1, local_mem_base=0x1ffff0000, num_barriers=2
                   1: DFV_COLLISION_NATURAL: TOP.rtlsim_shim.vortex.g_clusters[0].cluster.g_sockets[0].socket.dcache.g_cache_wrap[0].cache_wrap.g_cache.cache.g_banks[3].dfv_bank_ctr  edge_count=1682
number of points: 4
buffer size: 64 bytes
allocate device memory
dev_dst=0x10000
upload kernel binary
upload kernel argument
start device
wait for completion
68: [sim] waiting for busy to assert...
                  75: DFV_THROTTLE_REACHED: TOP.rtlsim_shim.vortex.g_clusters[0].cluster.g_sockets[0].socket.dcache.g_cache_wrap[0].cache_wrap.g_cache.cache.g_dfv_throttle.dfv_core_req_throttle  threshold=0
76: [sim] busy asserted after 4 cycles
                 467: DFV_COLLISION_NATURAL: TOP.rtlsim_shim.vortex.g_clusters[0].cluster.g_sockets[0].socket.icache.g_cache_wrap[0].cache_wrap.g_cache.cache.g_banks[0].dfv_bank_ctr  edge_count=1
20076: [sim] running... (10000 cycles)
               26749: DFV_COLLISION_NATURAL: TOP.rtlsim_shim.vortex.g_clusters[0].cluster.g_sockets[0].socket.dcache.g_cache_wrap[0].cache_wrap.g_cache.cache.g_banks[3].dfv_bank_ctr  edge_count=1
               26811: DFV_COLLISION_NATURAL: TOP.rtlsim_shim.vortex.g_clusters[0].cluster.g_sockets[0].socket.dcache.g_cache_wrap[0].cache_wrap.g_cache.cache.g_banks[3].dfv_bank_ctr  edge_count=2
               26839: DFV_COLLISION_NATURAL: TOP.rtlsim_shim.vortex.g_clusters[0].cluster.g_sockets[0].socket.dcache.g_cache_wrap[0].cache_wrap.g_cache.cache.g_banks[3].dfv_bank_ctr  edge_count=3
40076: [sim] running... (20000 cycles)
60076: [sim] running... (30000 cycles)
               66317: DFV_THROTTLE_REACHED: TOP.rtlsim_shim.vortex.g_clusters[0].cluster.g_sockets[0].socket.dcache.g_cache_wrap[0].cache_wrap.g_cache.cache.g_dfv_throttle.dfv_core_req_throttle  threshold=6144
80076: [sim] running... (40000 cycles)
100076: [sim] running... (50000 cycles)
120076: [sim] running... (60000 cycles)
              128997: DFV_THROTTLE_REACHED: TOP.rtlsim_shim.vortex.g_clusters[0].cluster.g_sockets[0].socket.dcache.g_cache_wrap[0].cache_wrap.g_cache.cache.g_dfv_throttle.dfv_core_req_throttle  threshold=6144
140076: [sim] running... (70000 cycles)
160076: [sim] running... (80000 cycles)
              179335: DFV_COLLISION_NATURAL: TOP.rtlsim_shim.vortex.g_clusters[0].cluster.g_sockets[0].socket.g_mem_bus_if[0].g_i0.dfv_l1_arb_ctr  edge_count=1
              179613: DFV_COLLISION_NATURAL: TOP.rtlsim_shim.vortex.g_clusters[0].cluster.g_sockets[0].socket.g_mem_bus_if[0].g_i0.dfv_l1_arb_ctr  edge_count=2
              179891: DFV_COLLISION_NATURAL: TOP.rtlsim_shim.vortex.g_clusters[0].cluster.g_sockets[0].socket.g_mem_bus_if[0].g_i0.dfv_l1_arb_ctr  edge_count=3
180076: [sim] running... (90000 cycles)
180250: [sim] idle after 90087 cycles
182250: [sim] drained 1000 cycles
verify result
PERF: instrs=98704, cycles=89451, IPC=1.103442
make: Leaving directory '/home/miggleliu/Documents/vortex_DFV/vortex_DFV/build/tests/regression/madmax'

THROTTLE_REACHED: 2
