
NUM_CORES =  1
CONFIGS=-DNUM_CLUSTERS=1 -DNUM_CORES=1 -DNUM_WARPS=4 -DNUM_THREADS=4   -DPERF_ENABLE -DEXT_GFX_ENABLE
running: CONFIGS=-DNUM_CLUSTERS=1 -DNUM_CORES=1 -DNUM_WARPS=4 -DNUM_THREADS=4 -DPERF_ENABLE -DEXT_GFX_ENABLE make -C ./ci/../driver/simx
g++ -std=c++17 -Wall -Wextra -Wfatal-errors -fPIC -Wno-maybe-uninitialized -I. -I../common -I../../hw -I../../third_party/softfloat/source/include -I../../third_party -DNUM_CLUSTERS=1 -DNUM_CORES=1 -DNUM_WARPS=4 -DNUM_THREADS=4   -DPERF_ENABLE -DEXT_GFX_ENABLE -O2 -DNDEBUG ../common/util.cpp ../common/mem.cpp ../common/rvfloats.cpp args.cpp processor.cpp warp.cpp core.cpp decode.cpp execute.cpp exe_unit.cpp cache_sim.cpp mem_sim.cpp shared_mem.cpp dcrs.cpp tex_unit.cpp raster_svc.cpp rop_svc.cpp raster_unit.cpp rop_unit.cpp -shared ../../third_party/softfloat/build/Linux-x86_64-GCC/softfloat.a  -L../../third_party/cocogfx -lcocogfx  -L../../third_party/ramulator -lramulator -o ../../driver/simx/libsimx.so
g++ -std=c++11 -Wall -Wextra -Wfatal-errors -fPIC -Wno-maybe-uninitialized -I../include -I../common -I../../hw -I../../sim/simx -I../../sim/simx/../common -DNUM_CLUSTERS=1 -DNUM_CORES=1 -DNUM_WARPS=4 -DNUM_THREADS=4   -DPERF_ENABLE -DEXT_GFX_ENABLE -DDUMP_PERF_STATS -O2 -DNDEBUG vortex.cpp ../common/vx_utils.cpp -shared -pthread -L. -lsimx -o libvortex.so
PERF: instrs=84270, cycles=31182, IPC=2.702521
PERF: rop memory reads=7352
PERF: rop memory writes=0
PERF: rop memory average latency=61 cycles
PERF: rop idle cycles=0%
PERF: rop stall cycles=40877%
PERF: rop stall cycles=12746357
PERF: ocache reads=0
PERF: ocache writes=0
PERF: ocache read misses=0 (hit ratio=-2147483648%)
PERF: ocache write misses=0 (hit ratio=-2147483648%)
PERF: ocache bank stalls=0 (utilization=-2147483648%)
**************************************
NUM_CORES =  4
CONFIGS=-DNUM_CLUSTERS=1 -DNUM_CORES=4 -DNUM_WARPS=4 -DNUM_THREADS=4   -DPERF_ENABLE -DEXT_GFX_ENABLE
running: CONFIGS=-DNUM_CLUSTERS=1 -DNUM_CORES=4 -DNUM_WARPS=4 -DNUM_THREADS=4 -DPERF_ENABLE -DEXT_GFX_ENABLE make -C ./ci/../driver/simx
g++ -std=c++17 -Wall -Wextra -Wfatal-errors -fPIC -Wno-maybe-uninitialized -I. -I../common -I../../hw -I../../third_party/softfloat/source/include -I../../third_party -DNUM_CLUSTERS=1 -DNUM_CORES=4 -DNUM_WARPS=4 -DNUM_THREADS=4   -DPERF_ENABLE -DEXT_GFX_ENABLE -O2 -DNDEBUG ../common/util.cpp ../common/mem.cpp ../common/rvfloats.cpp args.cpp processor.cpp warp.cpp core.cpp decode.cpp execute.cpp exe_unit.cpp cache_sim.cpp mem_sim.cpp shared_mem.cpp dcrs.cpp tex_unit.cpp raster_svc.cpp rop_svc.cpp raster_unit.cpp rop_unit.cpp -shared ../../third_party/softfloat/build/Linux-x86_64-GCC/softfloat.a  -L../../third_party/cocogfx -lcocogfx  -L../../third_party/ramulator -lramulator -o ../../driver/simx/libsimx.so
g++ -std=c++11 -Wall -Wextra -Wfatal-errors -fPIC -Wno-maybe-uninitialized -I../include -I../common -I../../hw -I../../sim/simx -I../../sim/simx/../common -DNUM_CLUSTERS=1 -DNUM_CORES=4 -DNUM_WARPS=4 -DNUM_THREADS=4   -DPERF_ENABLE -DEXT_GFX_ENABLE -DDUMP_PERF_STATS -O2 -DNDEBUG vortex.cpp ../common/vx_utils.cpp -shared -pthread -L. -lsimx -o libvortex.so
PERF: core0: instrs=22349, cycles=10395, IPC=2.149976
PERF: core1: instrs=22349, cycles=10398, IPC=2.149356
PERF: core2: instrs=22349, cycles=10402, IPC=2.148529
PERF: core3: instrs=22351, cycles=10406, IPC=2.147895
PERF: instrs=89398, cycles=10406, IPC=8.591005
PERF: rop memory reads=2176
PERF: rop memory writes=0
PERF: rop memory average latency=56 cycles
PERF: rop idle cycles=0%
PERF: rop stall cycles=12870%
PERF: rop stall cycles=1339266
PERF: ocache reads=0
PERF: ocache writes=0
PERF: ocache read misses=0 (hit ratio=-2147483648%)
PERF: ocache write misses=0 (hit ratio=-2147483648%)
PERF: ocache bank stalls=0 (utilization=-2147483648%)
**************************************
NUM_CORES =  16
CONFIGS=-DNUM_CLUSTERS=1 -DNUM_CORES=16 -DNUM_WARPS=4 -DNUM_THREADS=4   -DPERF_ENABLE -DEXT_GFX_ENABLE
running: CONFIGS=-DNUM_CLUSTERS=1 -DNUM_CORES=16 -DNUM_WARPS=4 -DNUM_THREADS=4 -DPERF_ENABLE -DEXT_GFX_ENABLE make -C ./ci/../driver/simx
g++ -std=c++17 -Wall -Wextra -Wfatal-errors -fPIC -Wno-maybe-uninitialized -I. -I../common -I../../hw -I../../third_party/softfloat/source/include -I../../third_party -DNUM_CLUSTERS=1 -DNUM_CORES=16 -DNUM_WARPS=4 -DNUM_THREADS=4   -DPERF_ENABLE -DEXT_GFX_ENABLE -O2 -DNDEBUG ../common/util.cpp ../common/mem.cpp ../common/rvfloats.cpp args.cpp processor.cpp warp.cpp core.cpp decode.cpp execute.cpp exe_unit.cpp cache_sim.cpp mem_sim.cpp shared_mem.cpp dcrs.cpp tex_unit.cpp raster_svc.cpp rop_svc.cpp raster_unit.cpp rop_unit.cpp -shared ../../third_party/softfloat/build/Linux-x86_64-GCC/softfloat.a  -L../../third_party/cocogfx -lcocogfx  -L../../third_party/ramulator -lramulator -o ../../driver/simx/libsimx.so
g++ -std=c++11 -Wall -Wextra -Wfatal-errors -fPIC -Wno-maybe-uninitialized -I../include -I../common -I../../hw -I../../sim/simx -I../../sim/simx/../common -DNUM_CLUSTERS=1 -DNUM_CORES=16 -DNUM_WARPS=4 -DNUM_THREADS=4   -DPERF_ENABLE -DEXT_GFX_ENABLE -DDUMP_PERF_STATS -O2 -DNDEBUG vortex.cpp ../common/vx_utils.cpp -shared -pthread -L. -lsimx -o libvortex.so
PERF: core0: instrs=11990, cycles=7515, IPC=1.595476
PERF: core1: instrs=11990, cycles=7518, IPC=1.594839
PERF: core2: instrs=11990, cycles=7521, IPC=1.594203
PERF: core3: instrs=11990, cycles=7524, IPC=1.593567
PERF: core4: instrs=11990, cycles=7527, IPC=1.592932
PERF: core5: instrs=11990, cycles=7577, IPC=1.582420
PERF: core6: instrs=11990, cycles=7580, IPC=1.581794
PERF: core7: instrs=11990, cycles=7941, IPC=1.509885
PERF: core8: instrs=1783, cycles=4942, IPC=0.360785
PERF: core9: instrs=1783, cycles=4946, IPC=0.360493
PERF: core10: instrs=1783, cycles=4950, IPC=0.360202
PERF: core11: instrs=1783, cycles=4954, IPC=0.359911
PERF: core12: instrs=1783, cycles=4958, IPC=0.359621
PERF: core13: instrs=1783, cycles=4965, IPC=0.359114
PERF: core14: instrs=1782, cycles=4961, IPC=0.359202
PERF: core15: instrs=1784, cycles=4969, IPC=0.359026
PERF: instrs=110184, cycles=7941, IPC=13.875331
PERF: rop memory reads=708
PERF: rop memory writes=0
PERF: rop memory average latency=90 cycles
PERF: rop idle cycles=0%
PERF: rop stall cycles=2972%
PERF: rop stall cycles=236048
PERF: ocache reads=0
PERF: ocache writes=0
PERF: ocache read misses=0 (hit ratio=-2147483648%)
PERF: ocache write misses=0 (hit ratio=-2147483648%)
PERF: ocache bank stalls=0 (utilization=-2147483648%)
**************************************
