Running: make -C ./ci/../runtime/rtlsim > /dev/null
Running: OPTS="-n16 -d" make -C "./ci/../tests/regression/sgemm2" run-rtlsim
make: Entering directory '/home/miggleliu/Documents/vortex_DFV/vortex_DFV/build/tests/regression/sgemm2'
/home/miggleliu/tools/llvm-vortex/bin/clang++ --sysroot=/home/miggleliu/tools/riscv64-gnu-toolchain/riscv64-unknown-elf --gcc-toolchain=/home/miggleliu/tools/riscv64-gnu-toolchain -Xclang -target-feature -Xclang +vortex -Xclang -target-feature -Xclang +zicond -mllvm -disable-loop-idiom-all  -march=rv64imafd -mabi=lp64d -O3 -mcmodel=medany -fno-rtti -fno-exceptions -nostartfiles -nostdlib -fdata-sections -ffunction-sections -I/home/miggleliu/Documents/vortex_DFV/vortex_DFV/kernel/include -I/home/miggleliu/Documents/vortex_DFV/vortex_DFV/build/hw -I/home/miggleliu/Documents/vortex_DFV/vortex_DFV/sim/common -DXLEN_64 -DNDEBUG  /home/miggleliu/Documents/vortex_DFV/vortex_DFV/tests/regression/sgemm2/kernel.cpp -Wl,-Bstatic,--gc-sections,-T,/home/miggleliu/Documents/vortex_DFV/vortex_DFV/kernel/scripts/link64.ld,--defsym=STARTUP_ADDR=0x180000000 /home/miggleliu/Documents/vortex_DFV/vortex_DFV/build/kernel/libvortex.a -L/home/miggleliu/tools/libc64/lib -lm -lc /home/miggleliu/tools/libcrt64/lib/baremetal/libclang_rt.builtins-riscv64.a -o kernel.elf
OBJCOPY=/home/miggleliu/tools/llvm-vortex/bin/llvm-objcopy /home/miggleliu/Documents/vortex_DFV/vortex_DFV/kernel/scripts/vxbin.py kernel.elf kernel.vxbin
LD_LIBRARY_PATH=/home/miggleliu/Documents/vortex_DFV/vortex_DFV/build/runtime: VORTEX_DRIVER=rtlsim ./sgemm2 -n16 -d
open device connection
CONFIGS: num_threads=32, num_warps=4, num_cores=1, num_clusters=1, socket_size=1, local_mem_base=0x1ffff0000, num_barriers=2
                   1: DFV_COLLISION_NATURAL: TOP.rtlsim_shim.vortex.g_clusters[0].cluster.g_sockets[0].socket.dcache.g_cache_wrap[0].cache_wrap.g_cache.cache.g_banks[3].dfv_bank_ctr  edge_count=1682
data type: float
matrix size: 16x16
tile size: 4x4
local memory: 128 bytes
occupancy: max_localmem=4096 bytes
allocate device memory
A_addr=0x10000
B_addr=0x10400
C_addr=0x10800
allocate host buffers
upload source buffer0
upload source buffer1
Upload kernel binary
upload kernel argument
start device
wait for completion
68: [sim] waiting for busy to assert...
                  75: DFV_THROTTLE_REACHED: TOP.rtlsim_shim.vortex.g_clusters[0].cluster.g_sockets[0].socket.dcache.g_cache_wrap[0].cache_wrap.g_cache.cache.g_dfv_throttle.dfv_core_req_throttle  threshold=0
76: [sim] busy asserted after 4 cycles
                 467: DFV_COLLISION_NATURAL: TOP.rtlsim_shim.vortex.g_clusters[0].cluster.g_sockets[0].socket.icache.g_cache_wrap[0].cache_wrap.g_cache.cache.g_banks[0].dfv_bank_ctr  edge_count=1
20076: [sim] running... (10000 cycles)
               26749: DFV_COLLISION_NATURAL: TOP.rtlsim_shim.vortex.g_clusters[0].cluster.g_sockets[0].socket.dcache.g_cache_wrap[0].cache_wrap.g_cache.cache.g_banks[3].dfv_bank_ctr  edge_count=1
               26811: DFV_COLLISION_NATURAL: TOP.rtlsim_shim.vortex.g_clusters[0].cluster.g_sockets[0].socket.dcache.g_cache_wrap[0].cache_wrap.g_cache.cache.g_banks[3].dfv_bank_ctr  edge_count=2
               26839: DFV_COLLISION_NATURAL: TOP.rtlsim_shim.vortex.g_clusters[0].cluster.g_sockets[0].socket.dcache.g_cache_wrap[0].cache_wrap.g_cache.cache.g_banks[3].dfv_bank_ctr  edge_count=3
40076: [sim] running... (20000 cycles)
               55631: DFV_COLLISION_DFV: TOP.rtlsim_shim.vortex.g_clusters[0].cluster.g_sockets[0].socket.g_mem_bus_if[0].g_i0.dfv_l1_arb_ctr  edge_count=1
60076: [sim] running... (30000 cycles)
80076: [sim] running... (40000 cycles)
               89635: DFV_COLLISION_DFV: TOP.rtlsim_shim.vortex.g_clusters[0].cluster.g_sockets[0].socket.g_mem_bus_if[0].g_i0.dfv_l1_arb_ctr  edge_count=2
               90349: DFV_COLLISION_DFV: TOP.rtlsim_shim.vortex.g_clusters[0].cluster.g_sockets[0].socket.g_mem_bus_if[0].g_i0.dfv_l1_arb_ctr  edge_count=3
100076: [sim] running... (50000 cycles)
120076: [sim] running... (60000 cycles)
              136485: DFV_COLLISION_DFV: TOP.rtlsim_shim.vortex.g_clusters[0].cluster.g_sockets[0].socket.dcache.g_cache_wrap[0].cache_wrap.g_cache.cache.g_banks[1].dfv_bank_ctr  edge_count=1
140076: [sim] running... (70000 cycles)
              153405: DFV_COLLISION_DFV: TOP.rtlsim_shim.vortex.g_clusters[0].cluster.g_sockets[0].socket.dcache.g_cache_wrap[0].cache_wrap.g_cache.cache.g_banks[2].dfv_bank_ctr  edge_count=1
              154287: DFV_COLLISION_DFV: TOP.rtlsim_shim.vortex.g_clusters[0].cluster.g_sockets[0].socket.dcache.g_cache_wrap[0].cache_wrap.g_cache.cache.g_banks[2].dfv_bank_ctr  edge_count=2
              154319: DFV_COLLISION_DFV: TOP.rtlsim_shim.vortex.g_clusters[0].cluster.g_sockets[0].socket.dcache.g_cache_wrap[0].cache_wrap.g_cache.cache.g_banks[2].dfv_bank_ctr  edge_count=3
              154729: DFV_COLLISION_DFV: TOP.rtlsim_shim.vortex.g_clusters[0].cluster.g_sockets[0].socket.dcache.g_cache_wrap[0].cache_wrap.g_cache.cache.g_banks[2].dfv_bank_ctr  edge_count=4
              155241: DFV_COLLISION_DFV: TOP.rtlsim_shim.vortex.g_clusters[0].cluster.g_sockets[0].socket.dcache.g_cache_wrap[0].cache_wrap.g_cache.cache.g_banks[1].dfv_bank_ctr  edge_count=2
              155919: DFV_COLLISION_DFV: TOP.rtlsim_shim.vortex.g_clusters[0].cluster.g_sockets[0].socket.dcache.g_cache_wrap[0].cache_wrap.g_cache.cache.g_banks[1].dfv_bank_ctr  edge_count=3
              157637: DFV_COLLISION_DFV: TOP.rtlsim_shim.vortex.g_clusters[0].cluster.g_sockets[0].socket.dcache.g_cache_wrap[0].cache_wrap.g_cache.cache.g_banks[1].dfv_bank_ctr  edge_count=4
160076: [sim] running... (80000 cycles)
              161175: DFV_COLLISION_DFV: TOP.rtlsim_shim.vortex.g_clusters[0].cluster.g_sockets[0].socket.dcache.g_cache_wrap[0].cache_wrap.g_cache.cache.g_banks[2].dfv_bank_ctr  edge_count=5
              162387: DFV_COLLISION_DFV: TOP.rtlsim_shim.vortex.g_clusters[0].cluster.g_sockets[0].socket.dcache.g_cache_wrap[0].cache_wrap.g_cache.cache.g_banks[2].dfv_bank_ctr  edge_count=6
              164213: DFV_COLLISION_DFV: TOP.rtlsim_shim.vortex.g_clusters[0].cluster.g_sockets[0].socket.dcache.g_cache_wrap[0].cache_wrap.g_cache.cache.g_banks[1].dfv_bank_ctr  edge_count=5
              166105: DFV_COLLISION_DFV: TOP.rtlsim_shim.vortex.g_clusters[0].cluster.g_sockets[0].socket.dcache.g_cache_wrap[0].cache_wrap.g_cache.cache.g_banks[1].dfv_bank_ctr  edge_count=6
              167569: DFV_COLLISION_DFV: TOP.rtlsim_shim.vortex.g_clusters[0].cluster.g_sockets[0].socket.dcache.g_cache_wrap[0].cache_wrap.g_cache.cache.g_banks[1].dfv_bank_ctr  edge_count=7
              167909: DFV_COLLISION_DFV: TOP.rtlsim_shim.vortex.g_clusters[0].cluster.g_sockets[0].socket.dcache.g_cache_wrap[0].cache_wrap.g_cache.cache.g_banks[1].dfv_bank_ctr  edge_count=8
              170491: DFV_COLLISION_DFV: TOP.rtlsim_shim.vortex.g_clusters[0].cluster.g_sockets[0].socket.dcache.g_cache_wrap[0].cache_wrap.g_cache.cache.g_banks[2].dfv_bank_ctr  edge_count=7
              171599: DFV_COLLISION_DFV: TOP.rtlsim_shim.vortex.g_clusters[0].cluster.g_sockets[0].socket.dcache.g_cache_wrap[0].cache_wrap.g_cache.cache.g_banks[2].dfv_bank_ctr  edge_count=8
              174213: DFV_COLLISION_DFV: TOP.rtlsim_shim.vortex.g_clusters[0].cluster.g_sockets[0].socket.dcache.g_cache_wrap[0].cache_wrap.g_cache.cache.g_banks[1].dfv_bank_ctr  edge_count=9
              174261: DFV_COLLISION_DFV: TOP.rtlsim_shim.vortex.g_clusters[0].cluster.g_sockets[0].socket.dcache.g_cache_wrap[0].cache_wrap.g_cache.cache.g_banks[1].dfv_bank_ctr  edge_count=10
              175301: DFV_COLLISION_DFV: TOP.rtlsim_shim.vortex.g_clusters[0].cluster.g_sockets[0].socket.dcache.g_cache_wrap[0].cache_wrap.g_cache.cache.g_banks[1].dfv_bank_ctr  edge_count=11
180076: [sim] running... (90000 cycles)
              188621: DFV_COLLISION_DFV: TOP.rtlsim_shim.vortex.g_clusters[0].cluster.g_sockets[0].socket.dcache.g_cache_wrap[0].cache_wrap.g_cache.cache.g_banks[2].dfv_bank_ctr  edge_count=9
              191489: DFV_COLLISION_DFV: TOP.rtlsim_shim.vortex.g_clusters[0].cluster.g_sockets[0].socket.dcache.g_cache_wrap[0].cache_wrap.g_cache.cache.g_banks[1].dfv_bank_ctr  edge_count=12
              199827: DFV_COLLISION_DFV: TOP.rtlsim_shim.vortex.g_clusters[0].cluster.g_sockets[0].socket.dcache.g_cache_wrap[0].cache_wrap.g_cache.cache.g_banks[1].dfv_bank_ctr  edge_count=13
200076: [sim] running... (100000 cycles)
              200687: DFV_COLLISION_DFV: TOP.rtlsim_shim.vortex.g_clusters[0].cluster.g_sockets[0].socket.dcache.g_cache_wrap[0].cache_wrap.g_cache.cache.g_banks[1].dfv_bank_ctr  edge_count=14
220076: [sim] running... (110000 cycles)
240076: [sim] running... (120000 cycles)
              247019: DFV_COLLISION_DFV: TOP.rtlsim_shim.vortex.g_clusters[0].cluster.g_sockets[0].socket.dcache.g_cache_wrap[0].cache_wrap.g_cache.cache.g_banks[2].dfv_bank_ctr  edge_count=10
              247477: DFV_COLLISION_DFV: TOP.rtlsim_shim.vortex.g_clusters[0].cluster.g_sockets[0].socket.dcache.g_cache_wrap[0].cache_wrap.g_cache.cache.g_banks[2].dfv_bank_ctr  edge_count=11
              248707: DFV_COLLISION_DFV: TOP.rtlsim_shim.vortex.g_clusters[0].cluster.g_sockets[0].socket.dcache.g_cache_wrap[0].cache_wrap.g_cache.cache.g_banks[1].dfv_bank_ctr  edge_count=15
              251015: DFV_COLLISION_DFV: TOP.rtlsim_shim.vortex.g_clusters[0].cluster.g_sockets[0].socket.dcache.g_cache_wrap[0].cache_wrap.g_cache.cache.g_banks[1].dfv_bank_ctr  edge_count=16
              251881: DFV_COLLISION_DFV: TOP.rtlsim_shim.vortex.g_clusters[0].cluster.g_sockets[0].socket.dcache.g_cache_wrap[0].cache_wrap.g_cache.cache.g_banks[1].dfv_bank_ctr  edge_count=17
              254115: DFV_COLLISION_DFV: TOP.rtlsim_shim.vortex.g_clusters[0].cluster.g_sockets[0].socket.dcache.g_cache_wrap[0].cache_wrap.g_cache.cache.g_banks[2].dfv_bank_ctr  edge_count=12
              257291: DFV_COLLISION_DFV: TOP.rtlsim_shim.vortex.g_clusters[0].cluster.g_sockets[0].socket.dcache.g_cache_wrap[0].cache_wrap.g_cache.cache.g_banks[1].dfv_bank_ctr  edge_count=18
              258943: DFV_COLLISION_DFV: TOP.rtlsim_shim.vortex.g_clusters[0].cluster.g_sockets[0].socket.dcache.g_cache_wrap[0].cache_wrap.g_cache.cache.g_banks[1].dfv_bank_ctr  edge_count=19
260076: [sim] running... (130000 cycles)
              272773: DFV_COLLISION_DFV: TOP.rtlsim_shim.vortex.g_clusters[0].cluster.g_sockets[0].socket.dcache.g_cache_wrap[0].cache_wrap.g_cache.cache.g_banks[2].dfv_bank_ctr  edge_count=13
              273865: DFV_COLLISION_DFV: TOP.rtlsim_shim.vortex.g_clusters[0].cluster.g_sockets[0].socket.dcache.g_cache_wrap[0].cache_wrap.g_cache.cache.g_banks[2].dfv_bank_ctr  edge_count=14
              274519: DFV_COLLISION_DFV: TOP.rtlsim_shim.vortex.g_clusters[0].cluster.g_sockets[0].socket.dcache.g_cache_wrap[0].cache_wrap.g_cache.cache.g_banks[2].dfv_bank_ctr  edge_count=15
              276493: DFV_COLLISION_DFV: TOP.rtlsim_shim.vortex.g_clusters[0].cluster.g_sockets[0].socket.dcache.g_cache_wrap[0].cache_wrap.g_cache.cache.g_banks[1].dfv_bank_ctr  edge_count=20
280076: [sim] running... (140000 cycles)
              281225: DFV_COLLISION_DFV: TOP.rtlsim_shim.vortex.g_clusters[0].cluster.g_sockets[0].socket.dcache.g_cache_wrap[0].cache_wrap.g_cache.cache.g_banks[1].dfv_bank_ctr  edge_count=21
300076: [sim] running... (150000 cycles)
              301067: DFV_COLLISION_DFV: TOP.rtlsim_shim.vortex.g_clusters[0].cluster.g_sockets[0].socket.dcache.g_cache_wrap[0].cache_wrap.g_cache.cache.g_banks[2].dfv_bank_ctr  edge_count=16
              302083: DFV_COLLISION_DFV: TOP.rtlsim_shim.vortex.g_clusters[0].cluster.g_sockets[0].socket.dcache.g_cache_wrap[0].cache_wrap.g_cache.cache.g_banks[2].dfv_bank_ctr  edge_count=17
              303155: DFV_COLLISION_DFV: TOP.rtlsim_shim.vortex.g_clusters[0].cluster.g_sockets[0].socket.dcache.g_cache_wrap[0].cache_wrap.g_cache.cache.g_banks[2].dfv_bank_ctr  edge_count=18
              307269: DFV_COLLISION_DFV: TOP.rtlsim_shim.vortex.g_clusters[0].cluster.g_sockets[0].socket.dcache.g_cache_wrap[0].cache_wrap.g_cache.cache.g_banks[1].dfv_bank_ctr  edge_count=22
              307333: DFV_COLLISION_DFV: TOP.rtlsim_shim.vortex.g_clusters[0].cluster.g_sockets[0].socket.dcache.g_cache_wrap[0].cache_wrap.g_cache.cache.g_banks[1].dfv_bank_ctr  edge_count=23
              307791: DFV_COLLISION_DFV: TOP.rtlsim_shim.vortex.g_clusters[0].cluster.g_sockets[0].socket.dcache.g_cache_wrap[0].cache_wrap.g_cache.cache.g_banks[1].dfv_bank_ctr  edge_count=24
320076: [sim] running... (160000 cycles)
340076: [sim] running... (170000 cycles)
              343381: DFV_COLLISION_DFV: TOP.rtlsim_shim.vortex.g_clusters[0].cluster.g_sockets[0].socket.dcache.g_cache_wrap[0].cache_wrap.g_cache.cache.g_banks[2].dfv_bank_ctr  edge_count=19
              343561: DFV_COLLISION_DFV: TOP.rtlsim_shim.vortex.g_clusters[0].cluster.g_sockets[0].socket.dcache.g_cache_wrap[0].cache_wrap.g_cache.cache.g_banks[2].dfv_bank_ctr  edge_count=20
              343733: DFV_COLLISION_DFV: TOP.rtlsim_shim.vortex.g_clusters[0].cluster.g_sockets[0].socket.dcache.g_cache_wrap[0].cache_wrap.g_cache.cache.g_banks[2].dfv_bank_ctr  edge_count=21
              343911: DFV_COLLISION_DFV: TOP.rtlsim_shim.vortex.g_clusters[0].cluster.g_sockets[0].socket.dcache.g_cache_wrap[0].cache_wrap.g_cache.cache.g_banks[2].dfv_bank_ctr  edge_count=22
              344465: DFV_COLLISION_DFV: TOP.rtlsim_shim.vortex.g_clusters[0].cluster.g_sockets[0].socket.dcache.g_cache_wrap[0].cache_wrap.g_cache.cache.g_banks[1].dfv_bank_ctr  edge_count=25
              346777: DFV_COLLISION_DFV: TOP.rtlsim_shim.vortex.g_clusters[0].cluster.g_sockets[0].socket.dcache.g_cache_wrap[0].cache_wrap.g_cache.cache.g_banks[1].dfv_bank_ctr  edge_count=26
              346881: DFV_COLLISION_DFV: TOP.rtlsim_shim.vortex.g_clusters[0].cluster.g_sockets[0].socket.dcache.g_cache_wrap[0].cache_wrap.g_cache.cache.g_banks[1].dfv_bank_ctr  edge_count=27
              348413: DFV_COLLISION_DFV: TOP.rtlsim_shim.vortex.g_clusters[0].cluster.g_sockets[0].socket.dcache.g_cache_wrap[0].cache_wrap.g_cache.cache.g_banks[1].dfv_bank_ctr  edge_count=28
              352241: DFV_COLLISION_DFV: TOP.rtlsim_shim.vortex.g_clusters[0].cluster.g_sockets[0].socket.dcache.g_cache_wrap[0].cache_wrap.g_cache.cache.g_banks[2].dfv_bank_ctr  edge_count=23
              352623: DFV_COLLISION_DFV: TOP.rtlsim_shim.vortex.g_clusters[0].cluster.g_sockets[0].socket.dcache.g_cache_wrap[0].cache_wrap.g_cache.cache.g_banks[2].dfv_bank_ctr  edge_count=24
              353201: DFV_COLLISION_DFV: TOP.rtlsim_shim.vortex.g_clusters[0].cluster.g_sockets[0].socket.dcache.g_cache_wrap[0].cache_wrap.g_cache.cache.g_banks[1].dfv_bank_ctr  edge_count=29
              353233: DFV_COLLISION_DFV: TOP.rtlsim_shim.vortex.g_clusters[0].cluster.g_sockets[0].socket.dcache.g_cache_wrap[0].cache_wrap.g_cache.cache.g_banks[1].dfv_bank_ctr  edge_count=30
360076: [sim] running... (180000 cycles)
              360233: DFV_COLLISION_DFV: TOP.rtlsim_shim.vortex.g_clusters[0].cluster.g_sockets[0].socket.dcache.g_cache_wrap[0].cache_wrap.g_cache.cache.g_banks[1].dfv_bank_ctr  edge_count=31
              376413: DFV_COLLISION_DFV: TOP.rtlsim_shim.vortex.g_clusters[0].cluster.g_sockets[0].socket.dcache.g_cache_wrap[0].cache_wrap.g_cache.cache.g_banks[2].dfv_bank_ctr  edge_count=25
              376813: DFV_COLLISION_DFV: TOP.rtlsim_shim.vortex.g_clusters[0].cluster.g_sockets[0].socket.dcache.g_cache_wrap[0].cache_wrap.g_cache.cache.g_banks[2].dfv_bank_ctr  edge_count=26
              377335: DFV_COLLISION_DFV: TOP.rtlsim_shim.vortex.g_clusters[0].cluster.g_sockets[0].socket.dcache.g_cache_wrap[0].cache_wrap.g_cache.cache.g_banks[2].dfv_bank_ctr  edge_count=27
380076: [sim] running... (190000 cycles)
              380397: DFV_COLLISION_DFV: TOP.rtlsim_shim.vortex.g_clusters[0].cluster.g_sockets[0].socket.dcache.g_cache_wrap[0].cache_wrap.g_cache.cache.g_banks[1].dfv_bank_ctr  edge_count=32
              380655: DFV_COLLISION_DFV: TOP.rtlsim_shim.vortex.g_clusters[0].cluster.g_sockets[0].socket.dcache.g_cache_wrap[0].cache_wrap.g_cache.cache.g_banks[1].dfv_bank_ctr  edge_count=33
              380767: DFV_COLLISION_DFV: TOP.rtlsim_shim.vortex.g_clusters[0].cluster.g_sockets[0].socket.dcache.g_cache_wrap[0].cache_wrap.g_cache.cache.g_banks[1].dfv_bank_ctr  edge_count=34
              380825: DFV_COLLISION_DFV: TOP.rtlsim_shim.vortex.g_clusters[0].cluster.g_sockets[0].socket.dcache.g_cache_wrap[0].cache_wrap.g_cache.cache.g_banks[1].dfv_bank_ctr  edge_count=35
              394195: DFV_COLLISION_DFV: TOP.rtlsim_shim.vortex.g_clusters[0].cluster.g_sockets[0].socket.dcache.g_cache_wrap[0].cache_wrap.g_cache.cache.g_banks[2].dfv_bank_ctr  edge_count=28
              398039: DFV_COLLISION_DFV: TOP.rtlsim_shim.vortex.g_clusters[0].cluster.g_sockets[0].socket.dcache.g_cache_wrap[0].cache_wrap.g_cache.cache.g_banks[1].dfv_bank_ctr  edge_count=36
400076: [sim] running... (200000 cycles)
420076: [sim] running... (210000 cycles)
              433703: DFV_COLLISION_DFV: TOP.rtlsim_shim.vortex.g_clusters[0].cluster.g_sockets[0].socket.dcache.g_cache_wrap[0].cache_wrap.g_cache.cache.g_banks[2].dfv_bank_ctr  edge_count=29
              433995: DFV_COLLISION_DFV: TOP.rtlsim_shim.vortex.g_clusters[0].cluster.g_sockets[0].socket.dcache.g_cache_wrap[0].cache_wrap.g_cache.cache.g_banks[2].dfv_bank_ctr  edge_count=30
              437651: DFV_COLLISION_DFV: TOP.rtlsim_shim.vortex.g_clusters[0].cluster.g_sockets[0].socket.dcache.g_cache_wrap[0].cache_wrap.g_cache.cache.g_banks[1].dfv_bank_ctr  edge_count=37
              439679: DFV_COLLISION_DFV: TOP.rtlsim_shim.vortex.g_clusters[0].cluster.g_sockets[0].socket.dcache.g_cache_wrap[0].cache_wrap.g_cache.cache.g_banks[3].dfv_bank_ctr  edge_count=1
440076: [sim] running... (220000 cycles)
              440963: DFV_COLLISION_DFV: TOP.rtlsim_shim.vortex.g_clusters[0].cluster.g_sockets[0].socket.dcache.g_cache_wrap[0].cache_wrap.g_cache.cache.g_banks[3].dfv_bank_ctr  edge_count=2
              441013: DFV_COLLISION_DFV: TOP.rtlsim_shim.vortex.g_clusters[0].cluster.g_sockets[0].socket.dcache.g_cache_wrap[0].cache_wrap.g_cache.cache.g_banks[3].dfv_bank_ctr  edge_count=3
              442797: DFV_COLLISION_DFV: TOP.rtlsim_shim.vortex.g_clusters[0].cluster.g_sockets[0].socket.dcache.g_cache_wrap[0].cache_wrap.g_cache.cache.g_banks[3].dfv_bank_ctr  edge_count=4
              445223: DFV_COLLISION_DFV: TOP.rtlsim_shim.vortex.g_clusters[0].cluster.g_sockets[0].socket.dcache.g_cache_wrap[0].cache_wrap.g_cache.cache.g_banks[2].dfv_bank_ctr  edge_count=31
              445409: DFV_COLLISION_DFV: TOP.rtlsim_shim.vortex.g_clusters[0].cluster.g_sockets[0].socket.dcache.g_cache_wrap[0].cache_wrap.g_cache.cache.g_banks[2].dfv_bank_ctr  edge_count=32
              445501: DFV_COLLISION_DFV: TOP.rtlsim_shim.vortex.g_clusters[0].cluster.g_sockets[0].socket.dcache.g_cache_wrap[0].cache_wrap.g_cache.cache.g_banks[2].dfv_bank_ctr  edge_count=33
              445539: DFV_COLLISION_DFV: TOP.rtlsim_shim.vortex.g_clusters[0].cluster.g_sockets[0].socket.dcache.g_cache_wrap[0].cache_wrap.g_cache.cache.g_banks[2].dfv_bank_ctr  edge_count=34
              445763: DFV_COLLISION_DFV: TOP.rtlsim_shim.vortex.g_clusters[0].cluster.g_sockets[0].socket.dcache.g_cache_wrap[0].cache_wrap.g_cache.cache.g_banks[2].dfv_bank_ctr  edge_count=35
              446245: DFV_COLLISION_DFV: TOP.rtlsim_shim.vortex.g_clusters[0].cluster.g_sockets[0].socket.dcache.g_cache_wrap[0].cache_wrap.g_cache.cache.g_banks[2].dfv_bank_ctr  edge_count=36
              450743: DFV_COLLISION_DFV: TOP.rtlsim_shim.vortex.g_clusters[0].cluster.g_sockets[0].socket.dcache.g_cache_wrap[0].cache_wrap.g_cache.cache.g_banks[1].dfv_bank_ctr  edge_count=38
              451093: DFV_COLLISION_DFV: TOP.rtlsim_shim.vortex.g_clusters[0].cluster.g_sockets[0].socket.dcache.g_cache_wrap[0].cache_wrap.g_cache.cache.g_banks[1].dfv_bank_ctr  edge_count=39
              451157: DFV_COLLISION_DFV: TOP.rtlsim_shim.vortex.g_clusters[0].cluster.g_sockets[0].socket.dcache.g_cache_wrap[0].cache_wrap.g_cache.cache.g_banks[1].dfv_bank_ctr  edge_count=40
              454579: DFV_COLLISION_DFV: TOP.rtlsim_shim.vortex.g_clusters[0].cluster.g_sockets[0].socket.dcache.g_cache_wrap[0].cache_wrap.g_cache.cache.g_banks[3].dfv_bank_ctr  edge_count=5
              458115: DFV_COLLISION_DFV: TOP.rtlsim_shim.vortex.g_clusters[0].cluster.g_sockets[0].socket.dcache.g_cache_wrap[0].cache_wrap.g_cache.cache.g_banks[3].dfv_bank_ctr  edge_count=6
460076: [sim] running... (230000 cycles)
              460337: DFV_COLLISION_DFV: TOP.rtlsim_shim.vortex.g_clusters[0].cluster.g_sockets[0].socket.dcache.g_cache_wrap[0].cache_wrap.g_cache.cache.g_banks[2].dfv_bank_ctr  edge_count=37
              461029: DFV_COLLISION_DFV: TOP.rtlsim_shim.vortex.g_clusters[0].cluster.g_sockets[0].socket.dcache.g_cache_wrap[0].cache_wrap.g_cache.cache.g_banks[2].dfv_bank_ctr  edge_count=38
              463051: DFV_COLLISION_DFV: TOP.rtlsim_shim.vortex.g_clusters[0].cluster.g_sockets[0].socket.dcache.g_cache_wrap[0].cache_wrap.g_cache.cache.g_banks[2].dfv_bank_ctr  edge_count=39
              463581: DFV_COLLISION_DFV: TOP.rtlsim_shim.vortex.g_clusters[0].cluster.g_sockets[0].socket.dcache.g_cache_wrap[0].cache_wrap.g_cache.cache.g_banks[2].dfv_bank_ctr  edge_count=40
              464077: DFV_COLLISION_DFV: TOP.rtlsim_shim.vortex.g_clusters[0].cluster.g_sockets[0].socket.dcache.g_cache_wrap[0].cache_wrap.g_cache.cache.g_banks[2].dfv_bank_ctr  edge_count=41
              465105: DFV_COLLISION_DFV: TOP.rtlsim_shim.vortex.g_clusters[0].cluster.g_sockets[0].socket.dcache.g_cache_wrap[0].cache_wrap.g_cache.cache.g_banks[1].dfv_bank_ctr  edge_count=41
              465205: DFV_COLLISION_DFV: TOP.rtlsim_shim.vortex.g_clusters[0].cluster.g_sockets[0].socket.dcache.g_cache_wrap[0].cache_wrap.g_cache.cache.g_banks[1].dfv_bank_ctr  edge_count=42
              465271: DFV_COLLISION_DFV: TOP.rtlsim_shim.vortex.g_clusters[0].cluster.g_sockets[0].socket.dcache.g_cache_wrap[0].cache_wrap.g_cache.cache.g_banks[1].dfv_bank_ctr  edge_count=43
              466039: DFV_COLLISION_DFV: TOP.rtlsim_shim.vortex.g_clusters[0].cluster.g_sockets[0].socket.dcache.g_cache_wrap[0].cache_wrap.g_cache.cache.g_banks[1].dfv_bank_ctr  edge_count=44
              466409: DFV_COLLISION_DFV: TOP.rtlsim_shim.vortex.g_clusters[0].cluster.g_sockets[0].socket.dcache.g_cache_wrap[0].cache_wrap.g_cache.cache.g_banks[1].dfv_bank_ctr  edge_count=45
              467843: DFV_COLLISION_DFV: TOP.rtlsim_shim.vortex.g_clusters[0].cluster.g_sockets[0].socket.dcache.g_cache_wrap[0].cache_wrap.g_cache.cache.g_banks[1].dfv_bank_ctr  edge_count=46
              468615: DFV_COLLISION_DFV: TOP.rtlsim_shim.vortex.g_clusters[0].cluster.g_sockets[0].socket.dcache.g_cache_wrap[0].cache_wrap.g_cache.cache.g_banks[1].dfv_bank_ctr  edge_count=47
              468849: DFV_COLLISION_DFV: TOP.rtlsim_shim.vortex.g_clusters[0].cluster.g_sockets[0].socket.dcache.g_cache_wrap[0].cache_wrap.g_cache.cache.g_banks[1].dfv_bank_ctr  edge_count=48
              470519: DFV_COLLISION_DFV: TOP.rtlsim_shim.vortex.g_clusters[0].cluster.g_sockets[0].socket.dcache.g_cache_wrap[0].cache_wrap.g_cache.cache.g_banks[3].dfv_bank_ctr  edge_count=7
              470807: DFV_COLLISION_DFV: TOP.rtlsim_shim.vortex.g_clusters[0].cluster.g_sockets[0].socket.dcache.g_cache_wrap[0].cache_wrap.g_cache.cache.g_banks[3].dfv_bank_ctr  edge_count=8
              471025: DFV_COLLISION_DFV: TOP.rtlsim_shim.vortex.g_clusters[0].cluster.g_sockets[0].socket.dcache.g_cache_wrap[0].cache_wrap.g_cache.cache.g_banks[3].dfv_bank_ctr  edge_count=9
              472625: DFV_COLLISION_DFV: TOP.rtlsim_shim.vortex.g_clusters[0].cluster.g_sockets[0].socket.dcache.g_cache_wrap[0].cache_wrap.g_cache.cache.g_banks[3].dfv_bank_ctr  edge_count=10
              472653: DFV_COLLISION_DFV: TOP.rtlsim_shim.vortex.g_clusters[0].cluster.g_sockets[0].socket.dcache.g_cache_wrap[0].cache_wrap.g_cache.cache.g_banks[3].dfv_bank_ctr  edge_count=11
              475309: DFV_COLLISION_DFV: TOP.rtlsim_shim.vortex.g_clusters[0].cluster.g_sockets[0].socket.dcache.g_cache_wrap[0].cache_wrap.g_cache.cache.g_banks[2].dfv_bank_ctr  edge_count=42
              479483: DFV_COLLISION_DFV: TOP.rtlsim_shim.vortex.g_clusters[0].cluster.g_sockets[0].socket.dcache.g_cache_wrap[0].cache_wrap.g_cache.cache.g_banks[2].dfv_bank_ctr  edge_count=43
480076: [sim] running... (240000 cycles)
              484197: DFV_COLLISION_DFV: TOP.rtlsim_shim.vortex.g_clusters[0].cluster.g_sockets[0].socket.dcache.g_cache_wrap[0].cache_wrap.g_cache.cache.g_banks[1].dfv_bank_ctr  edge_count=49
              484229: DFV_COLLISION_DFV: TOP.rtlsim_shim.vortex.g_clusters[0].cluster.g_sockets[0].socket.dcache.g_cache_wrap[0].cache_wrap.g_cache.cache.g_banks[1].dfv_bank_ctr  edge_count=50
              484771: DFV_COLLISION_DFV: TOP.rtlsim_shim.vortex.g_clusters[0].cluster.g_sockets[0].socket.dcache.g_cache_wrap[0].cache_wrap.g_cache.cache.g_banks[3].dfv_bank_ctr  edge_count=12
              485089: DFV_COLLISION_DFV: TOP.rtlsim_shim.vortex.g_clusters[0].cluster.g_sockets[0].socket.dcache.g_cache_wrap[0].cache_wrap.g_cache.cache.g_banks[3].dfv_bank_ctr  edge_count=13
              485483: DFV_COLLISION_DFV: TOP.rtlsim_shim.vortex.g_clusters[0].cluster.g_sockets[0].socket.dcache.g_cache_wrap[0].cache_wrap.g_cache.cache.g_banks[3].dfv_bank_ctr  edge_count=14
              485819: DFV_COLLISION_DFV: TOP.rtlsim_shim.vortex.g_clusters[0].cluster.g_sockets[0].socket.dcache.g_cache_wrap[0].cache_wrap.g_cache.cache.g_banks[3].dfv_bank_ctr  edge_count=15
              490699: DFV_COLLISION_DFV: TOP.rtlsim_shim.vortex.g_clusters[0].cluster.g_sockets[0].socket.dcache.g_cache_wrap[0].cache_wrap.g_cache.cache.g_banks[2].dfv_bank_ctr  edge_count=44
              492969: DFV_COLLISION_NATURAL: TOP.rtlsim_shim.vortex.g_clusters[0].cluster.g_sockets[0].socket.g_mem_bus_if[0].g_i0.dfv_l1_arb_ctr  edge_count=1
              493247: DFV_COLLISION_NATURAL: TOP.rtlsim_shim.vortex.g_clusters[0].cluster.g_sockets[0].socket.g_mem_bus_if[0].g_i0.dfv_l1_arb_ctr  edge_count=2
              493525: DFV_COLLISION_NATURAL: TOP.rtlsim_shim.vortex.g_clusters[0].cluster.g_sockets[0].socket.g_mem_bus_if[0].g_i0.dfv_l1_arb_ctr  edge_count=3
493884: [sim] idle after 246904 cycles
495884: [sim] drained 1000 cycles
download destination buffer
verify result
cleanup
PERF: instrs=149840, cycles=246268, IPC=0.608443
PASSED!
make: Leaving directory '/home/miggleliu/Documents/vortex_DFV/vortex_DFV/build/tests/regression/sgemm2'

COLLISION: dfv_bank1=50
COLLISION: dfv_bank2=44
COLLISION: dfv_bank3=15
COLLISION: dfv_l1_arb=3
COLLISION: natural_bank3=3
COLLISION: natural_l1_arb=3
